<?xml version="1.0" encoding="UTF-8"?>
<testng-results skipped="0" failed="0" total="3" passed="3">
  <reporter-output>
  </reporter-output>
  <suite name="Suite" duration-ms="37201" started-at="2019-02-23T10:09:36Z" finished-at="2019-02-23T10:10:13Z">
    <groups>
    </groups>
    <test name="Test" duration-ms="37201" started-at="2019-02-23T10:09:36Z" finished-at="2019-02-23T10:10:13Z">
      <class name="practicePac.MavenPractSample">
        <test-method status="PASS" signature="executeSessionThree()[pri:0, instance:practicePac.MavenPractSample@79698539]" name="executeSessionThree" duration-ms="21250" started-at="2019-02-23T15:39:36Z" finished-at="2019-02-23T15:39:57Z">
          <reporter-output>
          </reporter-output>
        </test-method> <!-- executeSessionThree -->
        <test-method status="PASS" signature="executesessionTwo()[pri:0, instance:practicePac.MavenPractSample@79698539]" name="executesessionTwo" duration-ms="10588" started-at="2019-02-23T15:39:57Z" finished-at="2019-02-23T15:40:08Z">
          <reporter-output>
          </reporter-output>
        </test-method> <!-- executesessionTwo -->
        <test-method status="PASS" signature="executesessionone()[pri:0, instance:practicePac.MavenPractSample@79698539]" name="executesessionone" duration-ms="5327" started-at="2019-02-23T15:40:08Z" finished-at="2019-02-23T15:40:13Z">
          <reporter-output>
          </reporter-output>
        </test-method> <!-- executesessionone -->
      </class> <!-- practicePac.MavenPractSample -->
    </test> <!-- Test -->
  </suite> <!-- Suite -->
</testng-results>
