<?xml version="1.0" encoding="UTF-8"?>
<!-- Generated by org.testng.reporters.JUnitXMLReporter -->
<testsuite hostname="CGGDESKFF05" name="testGuru" tests="2" failures="0" timestamp="22 Feb 2019 09:44:06 GMT" time="0.035" errors="0">
  <testcase name="executesessionone" time="0.003" classname="practicePac.MavenPractSample">
    <skipped/>
  </testcase> <!-- executesessionone -->
  <testcase name="executesessionTwo" time="0.003" classname="practicePac.MavenPractSample">
    <skipped/>
  </testcase> <!-- executesessionTwo -->
</testsuite> <!-- testGuru -->
