<?xml version="1.0" encoding="UTF-8"?>
<!-- Generated by org.testng.reporters.JUnitReportReporter -->
<testsuite hostname="Admin-PC" name="com.cgg.testcases.NewFactoryRegistrationTest" tests="21" failures="0" timestamp="7 Dec 2017 06:38:14 GMT" time="0.111" errors="21">
  <testcase name="testNewRegistration" time="0.003" classname="com.cgg.testcases.NewFactoryRegistrationTest">
    <error type="org.openqa.selenium.WebDriverException" message="Failed to connect to binary FirefoxBinary(C:\Program Files\Mozilla Firefox\firefox.exe) on port 7055; process output follows: 
s.productaddons	INFO	fetching config from: chrome://global/content/gmp-sources/openh264.json
1512628653568	addons.productaddons	INFO	fetching config from: chrome://global/content/gmp-sources/widevinecdm.json
1512628653570	addons.productaddons	INFO	found plugin: gmp-gmpopenh264
1512628653571	addons.productaddons	INFO	found plugin: gmp-widevinecdm
1512628653584	addons.productaddons	WARN	Failed downloading via XHR, status: 0, reason: error
1512628653588	addons.productaddons	WARN	Failed downloading via XHR, status: 0, reason: error
1512628654281	addons.xpi	DEBUG	Calling bootstrap method shutdown on webcompat@mozilla.org version 1.1
1512628654282	addons.xpi	DEBUG	Calling bootstrap method shutdown on shield-recipe-client@mozilla.org version 65
1512628654283	addons.xpi	DEBUG	Calling bootstrap method shutdown on screenshots@mozilla.org version 10.12.0
1512628654314	addons.xpi	DEBUG	Calling bootstrap method shutdown on onboarding@mozilla.org version 0.1
1512628654315	addons.xpi	DEBUG	Calling bootstrap method shutdown on formautofill@mozilla.org version 1.0
1512628654316	addons.xpi	DEBUG	Calling bootstrap method shutdown on followonsearch@mozilla.com version 0.9.3
1512628654317	addons.xpi	DEBUG	Calling bootstrap method shutdown on firefox@getpocket.com version 1.0.5
1512628654317	addons.xpi	DEBUG	Calling bootstrap method shutdown on e10srollout@mozilla.org version 3.00
1512628654318	addons.xpi	DEBUG	Calling bootstrap method shutdown on clicktoplay-rollout@mozilla.org version 1.4
1512628654320	addons.xpi	DEBUG	Calling bootstrap method shutdown on aushelper@mozilla.org version 2.0
1512628654320	addons.xpi	DEBUG	Calling bootstrap method shutdown on activity-stream@mozilla.org version 0.0.0
Unable to read VR Path Registry from C:\Users\Admin\AppData\Local\openvr\openvrpaths.vrpath
[Parent 2388] WARNING: pipe error: 109: file z:/build/build/src/ipc/chromium/src/chrome/common/ipc_channel_win.cc, line 346
Unable to read VR Path Registry from C:\Users\Admin\AppData\Local\openvr\openvrpaths.vrpath
[Child 2252] WARNING: pipe error: 109: file z:/build/build/src/ipc/chromium/src/chrome/common/ipc_channel_win.cc, line 346
[Child 2252] WARNING: pipe error: 109: file z:/build/build/src/ipc/chromium/src/chrome/common/ipc_channel_win.cc, line 346
Unable to read VR Path Registry from C:\Users\Admin\AppData\Local\openvr\openvrpaths.vrpath
[Child 2700] WARNING: pipe error: 109: file z:/build/build/src/ipc/chromium/src/chrome/common/ipc_channel_win.cc, line 346
1512628655041	DeferredSave.webext.sc.lz4	DEBUG	Starting write
1512628655181	DeferredSave.webext.sc.lz4	DEBUG	Write succeeded
1512628655226	addons.manager	DEBUG	shutdown
1512628655227	addons.manager	DEBUG	Calling shutdown blocker for XPIProvider
1512628655227	addons.xpi	DEBUG	shutdown
1512628655228	addons.xpi-utils	DEBUG	shutdown
1512628655228	addons.manager	DEBUG	Calling shutdown blocker for LightweightThemeManager
1512628655228	addons.manager	DEBUG	Calling shutdown blocker for GMPProvider
1512628655230	addons.manager	DEBUG	Calling shutdown blocker for PluginProvider
1512628655231	addons.manager	DEBUG	Calling shutdown blocker for PreviousExperimentProvider
1512628655231	addons.manager	DEBUG	Calling shutdown blocker for &lt;unnamed-provider&gt;
1512628655245	addons.manager	DEBUG	Async provider shutdown done
JavaScript error: resource://gre/modules/PlacesUtils.jsm, line 2035: NS_ERROR_UNEXPECTED: Component returned failure code: 0x8000ffff (NS_ERROR_UNEXPECTED) [nsPIPlacesDatabase.connectionShutdownClient]
JavaScript error: resource://gre/modules/BookmarkHTMLUtils.jsm, line 911: NS_ERROR_UNEXPECTED: Component returned failure code: 0x8000ffff (NS_ERROR_UNEXPECTED) [nsINavBookmarksService.removeFolderChildren]
*** UTM:SVC TimerManager:registerTimer called after profile-before-change notification. Ignoring timer registration for id: telemetry_modules_ping
Unable to read VR Path Registry from C:\Users\Admin\AppData\Local\openvr\openvrpaths.vrpath
[GPU 780] WARNING: pipe error: 109: file z:/build/build/src/ipc/chromium/src/chrome/common/ipc_channel_win.cc, line 346

Build info: version: &#039;2.53.1&#039;, revision: &#039;a36b8b1cd5757287168e54b817830adce9b0158d&#039;, time: &#039;2016-06-30 19:26:09&#039;
System info: host: &#039;Admin-PC&#039;, ip: &#039;192.168.109.1&#039;, os.name: &#039;Windows 7&#039;, os.arch: &#039;amd64&#039;, os.version: &#039;6.1&#039;, java.version: &#039;1.8.0_91&#039;
Driver info: driver.version: FirefoxDriver">
      <![CDATA[org.openqa.selenium.WebDriverException: Failed to connect to binary FirefoxBinary(C:\Program Files\Mozilla Firefox\firefox.exe) on port 7055; process output follows: 
s.productaddons	INFO	fetching config from: chrome://global/content/gmp-sources/openh264.json
1512628653568	addons.productaddons	INFO	fetching config from: chrome://global/content/gmp-sources/widevinecdm.json
1512628653570	addons.productaddons	INFO	found plugin: gmp-gmpopenh264
1512628653571	addons.productaddons	INFO	found plugin: gmp-widevinecdm
1512628653584	addons.productaddons	WARN	Failed downloading via XHR, status: 0, reason: error
1512628653588	addons.productaddons	WARN	Failed downloading via XHR, status: 0, reason: error
1512628654281	addons.xpi	DEBUG	Calling bootstrap method shutdown on webcompat@mozilla.org version 1.1
1512628654282	addons.xpi	DEBUG	Calling bootstrap method shutdown on shield-recipe-client@mozilla.org version 65
1512628654283	addons.xpi	DEBUG	Calling bootstrap method shutdown on screenshots@mozilla.org version 10.12.0
1512628654314	addons.xpi	DEBUG	Calling bootstrap method shutdown on onboarding@mozilla.org version 0.1
1512628654315	addons.xpi	DEBUG	Calling bootstrap method shutdown on formautofill@mozilla.org version 1.0
1512628654316	addons.xpi	DEBUG	Calling bootstrap method shutdown on followonsearch@mozilla.com version 0.9.3
1512628654317	addons.xpi	DEBUG	Calling bootstrap method shutdown on firefox@getpocket.com version 1.0.5
1512628654317	addons.xpi	DEBUG	Calling bootstrap method shutdown on e10srollout@mozilla.org version 3.00
1512628654318	addons.xpi	DEBUG	Calling bootstrap method shutdown on clicktoplay-rollout@mozilla.org version 1.4
1512628654320	addons.xpi	DEBUG	Calling bootstrap method shutdown on aushelper@mozilla.org version 2.0
1512628654320	addons.xpi	DEBUG	Calling bootstrap method shutdown on activity-stream@mozilla.org version 0.0.0
Unable to read VR Path Registry from C:\Users\Admin\AppData\Local\openvr\openvrpaths.vrpath
[Parent 2388] WARNING: pipe error: 109: file z:/build/build/src/ipc/chromium/src/chrome/common/ipc_channel_win.cc, line 346
Unable to read VR Path Registry from C:\Users\Admin\AppData\Local\openvr\openvrpaths.vrpath
[Child 2252] WARNING: pipe error: 109: file z:/build/build/src/ipc/chromium/src/chrome/common/ipc_channel_win.cc, line 346
[Child 2252] WARNING: pipe error: 109: file z:/build/build/src/ipc/chromium/src/chrome/common/ipc_channel_win.cc, line 346
Unable to read VR Path Registry from C:\Users\Admin\AppData\Local\openvr\openvrpaths.vrpath
[Child 2700] WARNING: pipe error: 109: file z:/build/build/src/ipc/chromium/src/chrome/common/ipc_channel_win.cc, line 346
1512628655041	DeferredSave.webext.sc.lz4	DEBUG	Starting write
1512628655181	DeferredSave.webext.sc.lz4	DEBUG	Write succeeded
1512628655226	addons.manager	DEBUG	shutdown
1512628655227	addons.manager	DEBUG	Calling shutdown blocker for XPIProvider
1512628655227	addons.xpi	DEBUG	shutdown
1512628655228	addons.xpi-utils	DEBUG	shutdown
1512628655228	addons.manager	DEBUG	Calling shutdown blocker for LightweightThemeManager
1512628655228	addons.manager	DEBUG	Calling shutdown blocker for GMPProvider
1512628655230	addons.manager	DEBUG	Calling shutdown blocker for PluginProvider
1512628655231	addons.manager	DEBUG	Calling shutdown blocker for PreviousExperimentProvider
1512628655231	addons.manager	DEBUG	Calling shutdown blocker for <unnamed-provider>
1512628655245	addons.manager	DEBUG	Async provider shutdown done
JavaScript error: resource://gre/modules/PlacesUtils.jsm, line 2035: NS_ERROR_UNEXPECTED: Component returned failure code: 0x8000ffff (NS_ERROR_UNEXPECTED) [nsPIPlacesDatabase.connectionShutdownClient]
JavaScript error: resource://gre/modules/BookmarkHTMLUtils.jsm, line 911: NS_ERROR_UNEXPECTED: Component returned failure code: 0x8000ffff (NS_ERROR_UNEXPECTED) [nsINavBookmarksService.removeFolderChildren]
*** UTM:SVC TimerManager:registerTimer called after profile-before-change notification. Ignoring timer registration for id: telemetry_modules_ping
Unable to read VR Path Registry from C:\Users\Admin\AppData\Local\openvr\openvrpaths.vrpath
[GPU 780] WARNING: pipe error: 109: file z:/build/build/src/ipc/chromium/src/chrome/common/ipc_channel_win.cc, line 346

Build info: version: '2.53.1', revision: 'a36b8b1cd5757287168e54b817830adce9b0158d', time: '2016-06-30 19:26:09'
System info: host: 'Admin-PC', ip: '192.168.109.1', os.name: 'Windows 7', os.arch: 'amd64', os.version: '6.1', java.version: '1.8.0_91'
Driver info: driver.version: FirefoxDriver
	at org.openqa.selenium.firefox.internal.NewProfileExtensionConnection.start(NewProfileExtensionConnection.java:125)
	at org.openqa.selenium.firefox.FirefoxDriver.startClient(FirefoxDriver.java:271)
	at org.openqa.selenium.remote.RemoteWebDriver.<init>(RemoteWebDriver.java:119)
	at org.openqa.selenium.firefox.FirefoxDriver.<init>(FirefoxDriver.java:216)
	at org.openqa.selenium.firefox.FirefoxDriver.<init>(FirefoxDriver.java:211)
	at org.openqa.selenium.firefox.FirefoxDriver.<init>(FirefoxDriver.java:207)
	at org.openqa.selenium.firefox.FirefoxDriver.<init>(FirefoxDriver.java:124)
	at com.cgg.testcases.TestBase.FirefoxDriver(TestBase.java:222)
	at com.cgg.testcases.TestBase.openBrowser(TestBase.java:90)
	at com.cgg.testcases.TestBase.beforetest(TestBase.java:109)
	at sun.reflect.NativeMethodAccessorImpl.invoke0(Native Method)
	at sun.reflect.NativeMethodAccessorImpl.invoke(Unknown Source)
	at sun.reflect.DelegatingMethodAccessorImpl.invoke(Unknown Source)
	at java.lang.reflect.Method.invoke(Unknown Source)
	at org.testng.internal.MethodInvocationHelper.invokeMethod(MethodInvocationHelper.java:86)
	at org.testng.internal.Invoker.invokeConfigurationMethod(Invoker.java:514)
	at org.testng.internal.Invoker.invokeConfigurations(Invoker.java:215)
	at org.testng.internal.Invoker.invokeConfigurations(Invoker.java:142)
	at org.testng.SuiteRunner.privateRun(SuiteRunner.java:305)
	at org.testng.SuiteRunner.run(SuiteRunner.java:268)
	at org.testng.SuiteRunnerWorker.runSuite(SuiteRunnerWorker.java:52)
	at org.testng.SuiteRunnerWorker.run(SuiteRunnerWorker.java:86)
	at org.testng.TestNG.runSuitesSequentially(TestNG.java:1244)
	at org.testng.TestNG.runSuitesLocally(TestNG.java:1169)
	at org.testng.TestNG.run(TestNG.java:1064)
	at org.testng.remote.AbstractRemoteTestNG.run(AbstractRemoteTestNG.java:132)
	at org.testng.remote.RemoteTestNG.initAndRun(RemoteTestNG.java:236)
	at org.testng.remote.RemoteTestNG.main(RemoteTestNG.java:81)
Caused by: org.openqa.selenium.firefox.NotConnectedException: Unable to connect to host 127.0.0.1 on port 7055 after 45000 ms. Firefox console output:
s.productaddons	INFO	fetching config from: chrome://global/content/gmp-sources/openh264.json
1512628653568	addons.productaddons	INFO	fetching config from: chrome://global/content/gmp-sources/widevinecdm.json
1512628653570	addons.productaddons	INFO	found plugin: gmp-gmpopenh264
1512628653571	addons.productaddons	INFO	found plugin: gmp-widevinecdm
1512628653584	addons.productaddons	WARN	Failed downloading via XHR, status: 0, reason: error
1512628653588	addons.productaddons	WARN	Failed downloading via XHR, status: 0, reason: error
1512628654281	addons.xpi	DEBUG	Calling bootstrap method shutdown on webcompat@mozilla.org version 1.1
1512628654282	addons.xpi	DEBUG	Calling bootstrap method shutdown on shield-recipe-client@mozilla.org version 65
1512628654283	addons.xpi	DEBUG	Calling bootstrap method shutdown on screenshots@mozilla.org version 10.12.0
1512628654314	addons.xpi	DEBUG	Calling bootstrap method shutdown on onboarding@mozilla.org version 0.1
1512628654315	addons.xpi	DEBUG	Calling bootstrap method shutdown on formautofill@mozilla.org version 1.0
1512628654316	addons.xpi	DEBUG	Calling bootstrap method shutdown on followonsearch@mozilla.com version 0.9.3
1512628654317	addons.xpi	DEBUG	Calling bootstrap method shutdown on firefox@getpocket.com version 1.0.5
1512628654317	addons.xpi	DEBUG	Calling bootstrap method shutdown on e10srollout@mozilla.org version 3.00
1512628654318	addons.xpi	DEBUG	Calling bootstrap method shutdown on clicktoplay-rollout@mozilla.org version 1.4
1512628654320	addons.xpi	DEBUG	Calling bootstrap method shutdown on aushelper@mozilla.org version 2.0
1512628654320	addons.xpi	DEBUG	Calling bootstrap method shutdown on activity-stream@mozilla.org version 0.0.0
Unable to read VR Path Registry from C:\Users\Admin\AppData\Local\openvr\openvrpaths.vrpath
[Parent 2388] WARNING: pipe error: 109: file z:/build/build/src/ipc/chromium/src/chrome/common/ipc_channel_win.cc, line 346
Unable to read VR Path Registry from C:\Users\Admin\AppData\Local\openvr\openvrpaths.vrpath
[Child 2252] WARNING: pipe error: 109: file z:/build/build/src/ipc/chromium/src/chrome/common/ipc_channel_win.cc, line 346
[Child 2252] WARNING: pipe error: 109: file z:/build/build/src/ipc/chromium/src/chrome/common/ipc_channel_win.cc, line 346
Unable to read VR Path Registry from C:\Users\Admin\AppData\Local\openvr\openvrpaths.vrpath
[Child 2700] WARNING: pipe error: 109: file z:/build/build/src/ipc/chromium/src/chrome/common/ipc_channel_win.cc, line 346
1512628655041	DeferredSave.webext.sc.lz4	DEBUG	Starting write
1512628655181	DeferredSave.webext.sc.lz4	DEBUG	Write succeeded
1512628655226	addons.manager	DEBUG	shutdown
1512628655227	addons.manager	DEBUG	Calling shutdown blocker for XPIProvider
1512628655227	addons.xpi	DEBUG	shutdown
1512628655228	addons.xpi-utils	DEBUG	shutdown
1512628655228	addons.manager	DEBUG	Calling shutdown blocker for LightweightThemeManager
1512628655228	addons.manager	DEBUG	Calling shutdown blocker for GMPProvider
1512628655230	addons.manager	DEBUG	Calling shutdown blocker for PluginProvider
1512628655231	addons.manager	DEBUG	Calling shutdown blocker for PreviousExperimentProvider
1512628655231	addons.manager	DEBUG	Calling shutdown blocker for <unnamed-provider>
1512628655245	addons.manager	DEBUG	Async provider shutdown done
JavaScript error: resource://gre/modules/PlacesUtils.jsm, line 2035: NS_ERROR_UNEXPECTED: Component returned failure code: 0x8000ffff (NS_ERROR_UNEXPECTED) [nsPIPlacesDatabase.connectionShutdownClient]
JavaScript error: resource://gre/modules/BookmarkHTMLUtils.jsm, line 911: NS_ERROR_UNEXPECTED: Component returned failure code: 0x8000ffff (NS_ERROR_UNEXPECTED) [nsINavBookmarksService.removeFolderChildren]
*** UTM:SVC TimerManager:registerTimer called after profile-before-change notification. Ignoring timer registration for id: telemetry_modules_ping
Unable to read VR Path Registry from C:\Users\Admin\AppData\Local\openvr\openvrpaths.vrpath
[GPU 780] WARNING: pipe error: 109: file z:/build/build/src/ipc/chromium/src/chrome/common/ipc_channel_win.cc, line 346

	at org.openqa.selenium.firefox.internal.NewProfileExtensionConnection.start(NewProfileExtensionConnection.java:113)
	... 27 more
]]>
    </error>
  </testcase> <!-- testNewRegistration -->
  <testcase name="testNewRegistration" time="0.002" classname="com.cgg.testcases.NewFactoryRegistrationTest">
    <error type="org.openqa.selenium.WebDriverException" message="Failed to connect to binary FirefoxBinary(C:\Program Files\Mozilla Firefox\firefox.exe) on port 7055; process output follows: 
s.productaddons	INFO	fetching config from: chrome://global/content/gmp-sources/openh264.json
1512628653568	addons.productaddons	INFO	fetching config from: chrome://global/content/gmp-sources/widevinecdm.json
1512628653570	addons.productaddons	INFO	found plugin: gmp-gmpopenh264
1512628653571	addons.productaddons	INFO	found plugin: gmp-widevinecdm
1512628653584	addons.productaddons	WARN	Failed downloading via XHR, status: 0, reason: error
1512628653588	addons.productaddons	WARN	Failed downloading via XHR, status: 0, reason: error
1512628654281	addons.xpi	DEBUG	Calling bootstrap method shutdown on webcompat@mozilla.org version 1.1
1512628654282	addons.xpi	DEBUG	Calling bootstrap method shutdown on shield-recipe-client@mozilla.org version 65
1512628654283	addons.xpi	DEBUG	Calling bootstrap method shutdown on screenshots@mozilla.org version 10.12.0
1512628654314	addons.xpi	DEBUG	Calling bootstrap method shutdown on onboarding@mozilla.org version 0.1
1512628654315	addons.xpi	DEBUG	Calling bootstrap method shutdown on formautofill@mozilla.org version 1.0
1512628654316	addons.xpi	DEBUG	Calling bootstrap method shutdown on followonsearch@mozilla.com version 0.9.3
1512628654317	addons.xpi	DEBUG	Calling bootstrap method shutdown on firefox@getpocket.com version 1.0.5
1512628654317	addons.xpi	DEBUG	Calling bootstrap method shutdown on e10srollout@mozilla.org version 3.00
1512628654318	addons.xpi	DEBUG	Calling bootstrap method shutdown on clicktoplay-rollout@mozilla.org version 1.4
1512628654320	addons.xpi	DEBUG	Calling bootstrap method shutdown on aushelper@mozilla.org version 2.0
1512628654320	addons.xpi	DEBUG	Calling bootstrap method shutdown on activity-stream@mozilla.org version 0.0.0
Unable to read VR Path Registry from C:\Users\Admin\AppData\Local\openvr\openvrpaths.vrpath
[Parent 2388] WARNING: pipe error: 109: file z:/build/build/src/ipc/chromium/src/chrome/common/ipc_channel_win.cc, line 346
Unable to read VR Path Registry from C:\Users\Admin\AppData\Local\openvr\openvrpaths.vrpath
[Child 2252] WARNING: pipe error: 109: file z:/build/build/src/ipc/chromium/src/chrome/common/ipc_channel_win.cc, line 346
[Child 2252] WARNING: pipe error: 109: file z:/build/build/src/ipc/chromium/src/chrome/common/ipc_channel_win.cc, line 346
Unable to read VR Path Registry from C:\Users\Admin\AppData\Local\openvr\openvrpaths.vrpath
[Child 2700] WARNING: pipe error: 109: file z:/build/build/src/ipc/chromium/src/chrome/common/ipc_channel_win.cc, line 346
1512628655041	DeferredSave.webext.sc.lz4	DEBUG	Starting write
1512628655181	DeferredSave.webext.sc.lz4	DEBUG	Write succeeded
1512628655226	addons.manager	DEBUG	shutdown
1512628655227	addons.manager	DEBUG	Calling shutdown blocker for XPIProvider
1512628655227	addons.xpi	DEBUG	shutdown
1512628655228	addons.xpi-utils	DEBUG	shutdown
1512628655228	addons.manager	DEBUG	Calling shutdown blocker for LightweightThemeManager
1512628655228	addons.manager	DEBUG	Calling shutdown blocker for GMPProvider
1512628655230	addons.manager	DEBUG	Calling shutdown blocker for PluginProvider
1512628655231	addons.manager	DEBUG	Calling shutdown blocker for PreviousExperimentProvider
1512628655231	addons.manager	DEBUG	Calling shutdown blocker for &lt;unnamed-provider&gt;
1512628655245	addons.manager	DEBUG	Async provider shutdown done
JavaScript error: resource://gre/modules/PlacesUtils.jsm, line 2035: NS_ERROR_UNEXPECTED: Component returned failure code: 0x8000ffff (NS_ERROR_UNEXPECTED) [nsPIPlacesDatabase.connectionShutdownClient]
JavaScript error: resource://gre/modules/BookmarkHTMLUtils.jsm, line 911: NS_ERROR_UNEXPECTED: Component returned failure code: 0x8000ffff (NS_ERROR_UNEXPECTED) [nsINavBookmarksService.removeFolderChildren]
*** UTM:SVC TimerManager:registerTimer called after profile-before-change notification. Ignoring timer registration for id: telemetry_modules_ping
Unable to read VR Path Registry from C:\Users\Admin\AppData\Local\openvr\openvrpaths.vrpath
[GPU 780] WARNING: pipe error: 109: file z:/build/build/src/ipc/chromium/src/chrome/common/ipc_channel_win.cc, line 346

Build info: version: &#039;2.53.1&#039;, revision: &#039;a36b8b1cd5757287168e54b817830adce9b0158d&#039;, time: &#039;2016-06-30 19:26:09&#039;
System info: host: &#039;Admin-PC&#039;, ip: &#039;192.168.109.1&#039;, os.name: &#039;Windows 7&#039;, os.arch: &#039;amd64&#039;, os.version: &#039;6.1&#039;, java.version: &#039;1.8.0_91&#039;
Driver info: driver.version: FirefoxDriver">
      <![CDATA[org.openqa.selenium.WebDriverException: Failed to connect to binary FirefoxBinary(C:\Program Files\Mozilla Firefox\firefox.exe) on port 7055; process output follows: 
s.productaddons	INFO	fetching config from: chrome://global/content/gmp-sources/openh264.json
1512628653568	addons.productaddons	INFO	fetching config from: chrome://global/content/gmp-sources/widevinecdm.json
1512628653570	addons.productaddons	INFO	found plugin: gmp-gmpopenh264
1512628653571	addons.productaddons	INFO	found plugin: gmp-widevinecdm
1512628653584	addons.productaddons	WARN	Failed downloading via XHR, status: 0, reason: error
1512628653588	addons.productaddons	WARN	Failed downloading via XHR, status: 0, reason: error
1512628654281	addons.xpi	DEBUG	Calling bootstrap method shutdown on webcompat@mozilla.org version 1.1
1512628654282	addons.xpi	DEBUG	Calling bootstrap method shutdown on shield-recipe-client@mozilla.org version 65
1512628654283	addons.xpi	DEBUG	Calling bootstrap method shutdown on screenshots@mozilla.org version 10.12.0
1512628654314	addons.xpi	DEBUG	Calling bootstrap method shutdown on onboarding@mozilla.org version 0.1
1512628654315	addons.xpi	DEBUG	Calling bootstrap method shutdown on formautofill@mozilla.org version 1.0
1512628654316	addons.xpi	DEBUG	Calling bootstrap method shutdown on followonsearch@mozilla.com version 0.9.3
1512628654317	addons.xpi	DEBUG	Calling bootstrap method shutdown on firefox@getpocket.com version 1.0.5
1512628654317	addons.xpi	DEBUG	Calling bootstrap method shutdown on e10srollout@mozilla.org version 3.00
1512628654318	addons.xpi	DEBUG	Calling bootstrap method shutdown on clicktoplay-rollout@mozilla.org version 1.4
1512628654320	addons.xpi	DEBUG	Calling bootstrap method shutdown on aushelper@mozilla.org version 2.0
1512628654320	addons.xpi	DEBUG	Calling bootstrap method shutdown on activity-stream@mozilla.org version 0.0.0
Unable to read VR Path Registry from C:\Users\Admin\AppData\Local\openvr\openvrpaths.vrpath
[Parent 2388] WARNING: pipe error: 109: file z:/build/build/src/ipc/chromium/src/chrome/common/ipc_channel_win.cc, line 346
Unable to read VR Path Registry from C:\Users\Admin\AppData\Local\openvr\openvrpaths.vrpath
[Child 2252] WARNING: pipe error: 109: file z:/build/build/src/ipc/chromium/src/chrome/common/ipc_channel_win.cc, line 346
[Child 2252] WARNING: pipe error: 109: file z:/build/build/src/ipc/chromium/src/chrome/common/ipc_channel_win.cc, line 346
Unable to read VR Path Registry from C:\Users\Admin\AppData\Local\openvr\openvrpaths.vrpath
[Child 2700] WARNING: pipe error: 109: file z:/build/build/src/ipc/chromium/src/chrome/common/ipc_channel_win.cc, line 346
1512628655041	DeferredSave.webext.sc.lz4	DEBUG	Starting write
1512628655181	DeferredSave.webext.sc.lz4	DEBUG	Write succeeded
1512628655226	addons.manager	DEBUG	shutdown
1512628655227	addons.manager	DEBUG	Calling shutdown blocker for XPIProvider
1512628655227	addons.xpi	DEBUG	shutdown
1512628655228	addons.xpi-utils	DEBUG	shutdown
1512628655228	addons.manager	DEBUG	Calling shutdown blocker for LightweightThemeManager
1512628655228	addons.manager	DEBUG	Calling shutdown blocker for GMPProvider
1512628655230	addons.manager	DEBUG	Calling shutdown blocker for PluginProvider
1512628655231	addons.manager	DEBUG	Calling shutdown blocker for PreviousExperimentProvider
1512628655231	addons.manager	DEBUG	Calling shutdown blocker for <unnamed-provider>
1512628655245	addons.manager	DEBUG	Async provider shutdown done
JavaScript error: resource://gre/modules/PlacesUtils.jsm, line 2035: NS_ERROR_UNEXPECTED: Component returned failure code: 0x8000ffff (NS_ERROR_UNEXPECTED) [nsPIPlacesDatabase.connectionShutdownClient]
JavaScript error: resource://gre/modules/BookmarkHTMLUtils.jsm, line 911: NS_ERROR_UNEXPECTED: Component returned failure code: 0x8000ffff (NS_ERROR_UNEXPECTED) [nsINavBookmarksService.removeFolderChildren]
*** UTM:SVC TimerManager:registerTimer called after profile-before-change notification. Ignoring timer registration for id: telemetry_modules_ping
Unable to read VR Path Registry from C:\Users\Admin\AppData\Local\openvr\openvrpaths.vrpath
[GPU 780] WARNING: pipe error: 109: file z:/build/build/src/ipc/chromium/src/chrome/common/ipc_channel_win.cc, line 346

Build info: version: '2.53.1', revision: 'a36b8b1cd5757287168e54b817830adce9b0158d', time: '2016-06-30 19:26:09'
System info: host: 'Admin-PC', ip: '192.168.109.1', os.name: 'Windows 7', os.arch: 'amd64', os.version: '6.1', java.version: '1.8.0_91'
Driver info: driver.version: FirefoxDriver
	at org.openqa.selenium.firefox.internal.NewProfileExtensionConnection.start(NewProfileExtensionConnection.java:125)
	at org.openqa.selenium.firefox.FirefoxDriver.startClient(FirefoxDriver.java:271)
	at org.openqa.selenium.remote.RemoteWebDriver.<init>(RemoteWebDriver.java:119)
	at org.openqa.selenium.firefox.FirefoxDriver.<init>(FirefoxDriver.java:216)
	at org.openqa.selenium.firefox.FirefoxDriver.<init>(FirefoxDriver.java:211)
	at org.openqa.selenium.firefox.FirefoxDriver.<init>(FirefoxDriver.java:207)
	at org.openqa.selenium.firefox.FirefoxDriver.<init>(FirefoxDriver.java:124)
	at com.cgg.testcases.TestBase.FirefoxDriver(TestBase.java:222)
	at com.cgg.testcases.TestBase.openBrowser(TestBase.java:90)
	at com.cgg.testcases.TestBase.beforetest(TestBase.java:109)
	at sun.reflect.NativeMethodAccessorImpl.invoke0(Native Method)
	at sun.reflect.NativeMethodAccessorImpl.invoke(Unknown Source)
	at sun.reflect.DelegatingMethodAccessorImpl.invoke(Unknown Source)
	at java.lang.reflect.Method.invoke(Unknown Source)
	at org.testng.internal.MethodInvocationHelper.invokeMethod(MethodInvocationHelper.java:86)
	at org.testng.internal.Invoker.invokeConfigurationMethod(Invoker.java:514)
	at org.testng.internal.Invoker.invokeConfigurations(Invoker.java:215)
	at org.testng.internal.Invoker.invokeConfigurations(Invoker.java:142)
	at org.testng.SuiteRunner.privateRun(SuiteRunner.java:305)
	at org.testng.SuiteRunner.run(SuiteRunner.java:268)
	at org.testng.SuiteRunnerWorker.runSuite(SuiteRunnerWorker.java:52)
	at org.testng.SuiteRunnerWorker.run(SuiteRunnerWorker.java:86)
	at org.testng.TestNG.runSuitesSequentially(TestNG.java:1244)
	at org.testng.TestNG.runSuitesLocally(TestNG.java:1169)
	at org.testng.TestNG.run(TestNG.java:1064)
	at org.testng.remote.AbstractRemoteTestNG.run(AbstractRemoteTestNG.java:132)
	at org.testng.remote.RemoteTestNG.initAndRun(RemoteTestNG.java:236)
	at org.testng.remote.RemoteTestNG.main(RemoteTestNG.java:81)
Caused by: org.openqa.selenium.firefox.NotConnectedException: Unable to connect to host 127.0.0.1 on port 7055 after 45000 ms. Firefox console output:
s.productaddons	INFO	fetching config from: chrome://global/content/gmp-sources/openh264.json
1512628653568	addons.productaddons	INFO	fetching config from: chrome://global/content/gmp-sources/widevinecdm.json
1512628653570	addons.productaddons	INFO	found plugin: gmp-gmpopenh264
1512628653571	addons.productaddons	INFO	found plugin: gmp-widevinecdm
1512628653584	addons.productaddons	WARN	Failed downloading via XHR, status: 0, reason: error
1512628653588	addons.productaddons	WARN	Failed downloading via XHR, status: 0, reason: error
1512628654281	addons.xpi	DEBUG	Calling bootstrap method shutdown on webcompat@mozilla.org version 1.1
1512628654282	addons.xpi	DEBUG	Calling bootstrap method shutdown on shield-recipe-client@mozilla.org version 65
1512628654283	addons.xpi	DEBUG	Calling bootstrap method shutdown on screenshots@mozilla.org version 10.12.0
1512628654314	addons.xpi	DEBUG	Calling bootstrap method shutdown on onboarding@mozilla.org version 0.1
1512628654315	addons.xpi	DEBUG	Calling bootstrap method shutdown on formautofill@mozilla.org version 1.0
1512628654316	addons.xpi	DEBUG	Calling bootstrap method shutdown on followonsearch@mozilla.com version 0.9.3
1512628654317	addons.xpi	DEBUG	Calling bootstrap method shutdown on firefox@getpocket.com version 1.0.5
1512628654317	addons.xpi	DEBUG	Calling bootstrap method shutdown on e10srollout@mozilla.org version 3.00
1512628654318	addons.xpi	DEBUG	Calling bootstrap method shutdown on clicktoplay-rollout@mozilla.org version 1.4
1512628654320	addons.xpi	DEBUG	Calling bootstrap method shutdown on aushelper@mozilla.org version 2.0
1512628654320	addons.xpi	DEBUG	Calling bootstrap method shutdown on activity-stream@mozilla.org version 0.0.0
Unable to read VR Path Registry from C:\Users\Admin\AppData\Local\openvr\openvrpaths.vrpath
[Parent 2388] WARNING: pipe error: 109: file z:/build/build/src/ipc/chromium/src/chrome/common/ipc_channel_win.cc, line 346
Unable to read VR Path Registry from C:\Users\Admin\AppData\Local\openvr\openvrpaths.vrpath
[Child 2252] WARNING: pipe error: 109: file z:/build/build/src/ipc/chromium/src/chrome/common/ipc_channel_win.cc, line 346
[Child 2252] WARNING: pipe error: 109: file z:/build/build/src/ipc/chromium/src/chrome/common/ipc_channel_win.cc, line 346
Unable to read VR Path Registry from C:\Users\Admin\AppData\Local\openvr\openvrpaths.vrpath
[Child 2700] WARNING: pipe error: 109: file z:/build/build/src/ipc/chromium/src/chrome/common/ipc_channel_win.cc, line 346
1512628655041	DeferredSave.webext.sc.lz4	DEBUG	Starting write
1512628655181	DeferredSave.webext.sc.lz4	DEBUG	Write succeeded
1512628655226	addons.manager	DEBUG	shutdown
1512628655227	addons.manager	DEBUG	Calling shutdown blocker for XPIProvider
1512628655227	addons.xpi	DEBUG	shutdown
1512628655228	addons.xpi-utils	DEBUG	shutdown
1512628655228	addons.manager	DEBUG	Calling shutdown blocker for LightweightThemeManager
1512628655228	addons.manager	DEBUG	Calling shutdown blocker for GMPProvider
1512628655230	addons.manager	DEBUG	Calling shutdown blocker for PluginProvider
1512628655231	addons.manager	DEBUG	Calling shutdown blocker for PreviousExperimentProvider
1512628655231	addons.manager	DEBUG	Calling shutdown blocker for <unnamed-provider>
1512628655245	addons.manager	DEBUG	Async provider shutdown done
JavaScript error: resource://gre/modules/PlacesUtils.jsm, line 2035: NS_ERROR_UNEXPECTED: Component returned failure code: 0x8000ffff (NS_ERROR_UNEXPECTED) [nsPIPlacesDatabase.connectionShutdownClient]
JavaScript error: resource://gre/modules/BookmarkHTMLUtils.jsm, line 911: NS_ERROR_UNEXPECTED: Component returned failure code: 0x8000ffff (NS_ERROR_UNEXPECTED) [nsINavBookmarksService.removeFolderChildren]
*** UTM:SVC TimerManager:registerTimer called after profile-before-change notification. Ignoring timer registration for id: telemetry_modules_ping
Unable to read VR Path Registry from C:\Users\Admin\AppData\Local\openvr\openvrpaths.vrpath
[GPU 780] WARNING: pipe error: 109: file z:/build/build/src/ipc/chromium/src/chrome/common/ipc_channel_win.cc, line 346

	at org.openqa.selenium.firefox.internal.NewProfileExtensionConnection.start(NewProfileExtensionConnection.java:113)
	... 27 more
]]>
    </error>
  </testcase> <!-- testNewRegistration -->
  <testcase name="testNewRegistration" time="0.002" classname="com.cgg.testcases.NewFactoryRegistrationTest">
    <error type="org.openqa.selenium.WebDriverException" message="Failed to connect to binary FirefoxBinary(C:\Program Files\Mozilla Firefox\firefox.exe) on port 7055; process output follows: 
s.productaddons	INFO	fetching config from: chrome://global/content/gmp-sources/openh264.json
1512628653568	addons.productaddons	INFO	fetching config from: chrome://global/content/gmp-sources/widevinecdm.json
1512628653570	addons.productaddons	INFO	found plugin: gmp-gmpopenh264
1512628653571	addons.productaddons	INFO	found plugin: gmp-widevinecdm
1512628653584	addons.productaddons	WARN	Failed downloading via XHR, status: 0, reason: error
1512628653588	addons.productaddons	WARN	Failed downloading via XHR, status: 0, reason: error
1512628654281	addons.xpi	DEBUG	Calling bootstrap method shutdown on webcompat@mozilla.org version 1.1
1512628654282	addons.xpi	DEBUG	Calling bootstrap method shutdown on shield-recipe-client@mozilla.org version 65
1512628654283	addons.xpi	DEBUG	Calling bootstrap method shutdown on screenshots@mozilla.org version 10.12.0
1512628654314	addons.xpi	DEBUG	Calling bootstrap method shutdown on onboarding@mozilla.org version 0.1
1512628654315	addons.xpi	DEBUG	Calling bootstrap method shutdown on formautofill@mozilla.org version 1.0
1512628654316	addons.xpi	DEBUG	Calling bootstrap method shutdown on followonsearch@mozilla.com version 0.9.3
1512628654317	addons.xpi	DEBUG	Calling bootstrap method shutdown on firefox@getpocket.com version 1.0.5
1512628654317	addons.xpi	DEBUG	Calling bootstrap method shutdown on e10srollout@mozilla.org version 3.00
1512628654318	addons.xpi	DEBUG	Calling bootstrap method shutdown on clicktoplay-rollout@mozilla.org version 1.4
1512628654320	addons.xpi	DEBUG	Calling bootstrap method shutdown on aushelper@mozilla.org version 2.0
1512628654320	addons.xpi	DEBUG	Calling bootstrap method shutdown on activity-stream@mozilla.org version 0.0.0
Unable to read VR Path Registry from C:\Users\Admin\AppData\Local\openvr\openvrpaths.vrpath
[Parent 2388] WARNING: pipe error: 109: file z:/build/build/src/ipc/chromium/src/chrome/common/ipc_channel_win.cc, line 346
Unable to read VR Path Registry from C:\Users\Admin\AppData\Local\openvr\openvrpaths.vrpath
[Child 2252] WARNING: pipe error: 109: file z:/build/build/src/ipc/chromium/src/chrome/common/ipc_channel_win.cc, line 346
[Child 2252] WARNING: pipe error: 109: file z:/build/build/src/ipc/chromium/src/chrome/common/ipc_channel_win.cc, line 346
Unable to read VR Path Registry from C:\Users\Admin\AppData\Local\openvr\openvrpaths.vrpath
[Child 2700] WARNING: pipe error: 109: file z:/build/build/src/ipc/chromium/src/chrome/common/ipc_channel_win.cc, line 346
1512628655041	DeferredSave.webext.sc.lz4	DEBUG	Starting write
1512628655181	DeferredSave.webext.sc.lz4	DEBUG	Write succeeded
1512628655226	addons.manager	DEBUG	shutdown
1512628655227	addons.manager	DEBUG	Calling shutdown blocker for XPIProvider
1512628655227	addons.xpi	DEBUG	shutdown
1512628655228	addons.xpi-utils	DEBUG	shutdown
1512628655228	addons.manager	DEBUG	Calling shutdown blocker for LightweightThemeManager
1512628655228	addons.manager	DEBUG	Calling shutdown blocker for GMPProvider
1512628655230	addons.manager	DEBUG	Calling shutdown blocker for PluginProvider
1512628655231	addons.manager	DEBUG	Calling shutdown blocker for PreviousExperimentProvider
1512628655231	addons.manager	DEBUG	Calling shutdown blocker for &lt;unnamed-provider&gt;
1512628655245	addons.manager	DEBUG	Async provider shutdown done
JavaScript error: resource://gre/modules/PlacesUtils.jsm, line 2035: NS_ERROR_UNEXPECTED: Component returned failure code: 0x8000ffff (NS_ERROR_UNEXPECTED) [nsPIPlacesDatabase.connectionShutdownClient]
JavaScript error: resource://gre/modules/BookmarkHTMLUtils.jsm, line 911: NS_ERROR_UNEXPECTED: Component returned failure code: 0x8000ffff (NS_ERROR_UNEXPECTED) [nsINavBookmarksService.removeFolderChildren]
*** UTM:SVC TimerManager:registerTimer called after profile-before-change notification. Ignoring timer registration for id: telemetry_modules_ping
Unable to read VR Path Registry from C:\Users\Admin\AppData\Local\openvr\openvrpaths.vrpath
[GPU 780] WARNING: pipe error: 109: file z:/build/build/src/ipc/chromium/src/chrome/common/ipc_channel_win.cc, line 346

Build info: version: &#039;2.53.1&#039;, revision: &#039;a36b8b1cd5757287168e54b817830adce9b0158d&#039;, time: &#039;2016-06-30 19:26:09&#039;
System info: host: &#039;Admin-PC&#039;, ip: &#039;192.168.109.1&#039;, os.name: &#039;Windows 7&#039;, os.arch: &#039;amd64&#039;, os.version: &#039;6.1&#039;, java.version: &#039;1.8.0_91&#039;
Driver info: driver.version: FirefoxDriver">
      <![CDATA[org.openqa.selenium.WebDriverException: Failed to connect to binary FirefoxBinary(C:\Program Files\Mozilla Firefox\firefox.exe) on port 7055; process output follows: 
s.productaddons	INFO	fetching config from: chrome://global/content/gmp-sources/openh264.json
1512628653568	addons.productaddons	INFO	fetching config from: chrome://global/content/gmp-sources/widevinecdm.json
1512628653570	addons.productaddons	INFO	found plugin: gmp-gmpopenh264
1512628653571	addons.productaddons	INFO	found plugin: gmp-widevinecdm
1512628653584	addons.productaddons	WARN	Failed downloading via XHR, status: 0, reason: error
1512628653588	addons.productaddons	WARN	Failed downloading via XHR, status: 0, reason: error
1512628654281	addons.xpi	DEBUG	Calling bootstrap method shutdown on webcompat@mozilla.org version 1.1
1512628654282	addons.xpi	DEBUG	Calling bootstrap method shutdown on shield-recipe-client@mozilla.org version 65
1512628654283	addons.xpi	DEBUG	Calling bootstrap method shutdown on screenshots@mozilla.org version 10.12.0
1512628654314	addons.xpi	DEBUG	Calling bootstrap method shutdown on onboarding@mozilla.org version 0.1
1512628654315	addons.xpi	DEBUG	Calling bootstrap method shutdown on formautofill@mozilla.org version 1.0
1512628654316	addons.xpi	DEBUG	Calling bootstrap method shutdown on followonsearch@mozilla.com version 0.9.3
1512628654317	addons.xpi	DEBUG	Calling bootstrap method shutdown on firefox@getpocket.com version 1.0.5
1512628654317	addons.xpi	DEBUG	Calling bootstrap method shutdown on e10srollout@mozilla.org version 3.00
1512628654318	addons.xpi	DEBUG	Calling bootstrap method shutdown on clicktoplay-rollout@mozilla.org version 1.4
1512628654320	addons.xpi	DEBUG	Calling bootstrap method shutdown on aushelper@mozilla.org version 2.0
1512628654320	addons.xpi	DEBUG	Calling bootstrap method shutdown on activity-stream@mozilla.org version 0.0.0
Unable to read VR Path Registry from C:\Users\Admin\AppData\Local\openvr\openvrpaths.vrpath
[Parent 2388] WARNING: pipe error: 109: file z:/build/build/src/ipc/chromium/src/chrome/common/ipc_channel_win.cc, line 346
Unable to read VR Path Registry from C:\Users\Admin\AppData\Local\openvr\openvrpaths.vrpath
[Child 2252] WARNING: pipe error: 109: file z:/build/build/src/ipc/chromium/src/chrome/common/ipc_channel_win.cc, line 346
[Child 2252] WARNING: pipe error: 109: file z:/build/build/src/ipc/chromium/src/chrome/common/ipc_channel_win.cc, line 346
Unable to read VR Path Registry from C:\Users\Admin\AppData\Local\openvr\openvrpaths.vrpath
[Child 2700] WARNING: pipe error: 109: file z:/build/build/src/ipc/chromium/src/chrome/common/ipc_channel_win.cc, line 346
1512628655041	DeferredSave.webext.sc.lz4	DEBUG	Starting write
1512628655181	DeferredSave.webext.sc.lz4	DEBUG	Write succeeded
1512628655226	addons.manager	DEBUG	shutdown
1512628655227	addons.manager	DEBUG	Calling shutdown blocker for XPIProvider
1512628655227	addons.xpi	DEBUG	shutdown
1512628655228	addons.xpi-utils	DEBUG	shutdown
1512628655228	addons.manager	DEBUG	Calling shutdown blocker for LightweightThemeManager
1512628655228	addons.manager	DEBUG	Calling shutdown blocker for GMPProvider
1512628655230	addons.manager	DEBUG	Calling shutdown blocker for PluginProvider
1512628655231	addons.manager	DEBUG	Calling shutdown blocker for PreviousExperimentProvider
1512628655231	addons.manager	DEBUG	Calling shutdown blocker for <unnamed-provider>
1512628655245	addons.manager	DEBUG	Async provider shutdown done
JavaScript error: resource://gre/modules/PlacesUtils.jsm, line 2035: NS_ERROR_UNEXPECTED: Component returned failure code: 0x8000ffff (NS_ERROR_UNEXPECTED) [nsPIPlacesDatabase.connectionShutdownClient]
JavaScript error: resource://gre/modules/BookmarkHTMLUtils.jsm, line 911: NS_ERROR_UNEXPECTED: Component returned failure code: 0x8000ffff (NS_ERROR_UNEXPECTED) [nsINavBookmarksService.removeFolderChildren]
*** UTM:SVC TimerManager:registerTimer called after profile-before-change notification. Ignoring timer registration for id: telemetry_modules_ping
Unable to read VR Path Registry from C:\Users\Admin\AppData\Local\openvr\openvrpaths.vrpath
[GPU 780] WARNING: pipe error: 109: file z:/build/build/src/ipc/chromium/src/chrome/common/ipc_channel_win.cc, line 346

Build info: version: '2.53.1', revision: 'a36b8b1cd5757287168e54b817830adce9b0158d', time: '2016-06-30 19:26:09'
System info: host: 'Admin-PC', ip: '192.168.109.1', os.name: 'Windows 7', os.arch: 'amd64', os.version: '6.1', java.version: '1.8.0_91'
Driver info: driver.version: FirefoxDriver
	at org.openqa.selenium.firefox.internal.NewProfileExtensionConnection.start(NewProfileExtensionConnection.java:125)
	at org.openqa.selenium.firefox.FirefoxDriver.startClient(FirefoxDriver.java:271)
	at org.openqa.selenium.remote.RemoteWebDriver.<init>(RemoteWebDriver.java:119)
	at org.openqa.selenium.firefox.FirefoxDriver.<init>(FirefoxDriver.java:216)
	at org.openqa.selenium.firefox.FirefoxDriver.<init>(FirefoxDriver.java:211)
	at org.openqa.selenium.firefox.FirefoxDriver.<init>(FirefoxDriver.java:207)
	at org.openqa.selenium.firefox.FirefoxDriver.<init>(FirefoxDriver.java:124)
	at com.cgg.testcases.TestBase.FirefoxDriver(TestBase.java:222)
	at com.cgg.testcases.TestBase.openBrowser(TestBase.java:90)
	at com.cgg.testcases.TestBase.beforetest(TestBase.java:109)
	at sun.reflect.NativeMethodAccessorImpl.invoke0(Native Method)
	at sun.reflect.NativeMethodAccessorImpl.invoke(Unknown Source)
	at sun.reflect.DelegatingMethodAccessorImpl.invoke(Unknown Source)
	at java.lang.reflect.Method.invoke(Unknown Source)
	at org.testng.internal.MethodInvocationHelper.invokeMethod(MethodInvocationHelper.java:86)
	at org.testng.internal.Invoker.invokeConfigurationMethod(Invoker.java:514)
	at org.testng.internal.Invoker.invokeConfigurations(Invoker.java:215)
	at org.testng.internal.Invoker.invokeConfigurations(Invoker.java:142)
	at org.testng.SuiteRunner.privateRun(SuiteRunner.java:305)
	at org.testng.SuiteRunner.run(SuiteRunner.java:268)
	at org.testng.SuiteRunnerWorker.runSuite(SuiteRunnerWorker.java:52)
	at org.testng.SuiteRunnerWorker.run(SuiteRunnerWorker.java:86)
	at org.testng.TestNG.runSuitesSequentially(TestNG.java:1244)
	at org.testng.TestNG.runSuitesLocally(TestNG.java:1169)
	at org.testng.TestNG.run(TestNG.java:1064)
	at org.testng.remote.AbstractRemoteTestNG.run(AbstractRemoteTestNG.java:132)
	at org.testng.remote.RemoteTestNG.initAndRun(RemoteTestNG.java:236)
	at org.testng.remote.RemoteTestNG.main(RemoteTestNG.java:81)
Caused by: org.openqa.selenium.firefox.NotConnectedException: Unable to connect to host 127.0.0.1 on port 7055 after 45000 ms. Firefox console output:
s.productaddons	INFO	fetching config from: chrome://global/content/gmp-sources/openh264.json
1512628653568	addons.productaddons	INFO	fetching config from: chrome://global/content/gmp-sources/widevinecdm.json
1512628653570	addons.productaddons	INFO	found plugin: gmp-gmpopenh264
1512628653571	addons.productaddons	INFO	found plugin: gmp-widevinecdm
1512628653584	addons.productaddons	WARN	Failed downloading via XHR, status: 0, reason: error
1512628653588	addons.productaddons	WARN	Failed downloading via XHR, status: 0, reason: error
1512628654281	addons.xpi	DEBUG	Calling bootstrap method shutdown on webcompat@mozilla.org version 1.1
1512628654282	addons.xpi	DEBUG	Calling bootstrap method shutdown on shield-recipe-client@mozilla.org version 65
1512628654283	addons.xpi	DEBUG	Calling bootstrap method shutdown on screenshots@mozilla.org version 10.12.0
1512628654314	addons.xpi	DEBUG	Calling bootstrap method shutdown on onboarding@mozilla.org version 0.1
1512628654315	addons.xpi	DEBUG	Calling bootstrap method shutdown on formautofill@mozilla.org version 1.0
1512628654316	addons.xpi	DEBUG	Calling bootstrap method shutdown on followonsearch@mozilla.com version 0.9.3
1512628654317	addons.xpi	DEBUG	Calling bootstrap method shutdown on firefox@getpocket.com version 1.0.5
1512628654317	addons.xpi	DEBUG	Calling bootstrap method shutdown on e10srollout@mozilla.org version 3.00
1512628654318	addons.xpi	DEBUG	Calling bootstrap method shutdown on clicktoplay-rollout@mozilla.org version 1.4
1512628654320	addons.xpi	DEBUG	Calling bootstrap method shutdown on aushelper@mozilla.org version 2.0
1512628654320	addons.xpi	DEBUG	Calling bootstrap method shutdown on activity-stream@mozilla.org version 0.0.0
Unable to read VR Path Registry from C:\Users\Admin\AppData\Local\openvr\openvrpaths.vrpath
[Parent 2388] WARNING: pipe error: 109: file z:/build/build/src/ipc/chromium/src/chrome/common/ipc_channel_win.cc, line 346
Unable to read VR Path Registry from C:\Users\Admin\AppData\Local\openvr\openvrpaths.vrpath
[Child 2252] WARNING: pipe error: 109: file z:/build/build/src/ipc/chromium/src/chrome/common/ipc_channel_win.cc, line 346
[Child 2252] WARNING: pipe error: 109: file z:/build/build/src/ipc/chromium/src/chrome/common/ipc_channel_win.cc, line 346
Unable to read VR Path Registry from C:\Users\Admin\AppData\Local\openvr\openvrpaths.vrpath
[Child 2700] WARNING: pipe error: 109: file z:/build/build/src/ipc/chromium/src/chrome/common/ipc_channel_win.cc, line 346
1512628655041	DeferredSave.webext.sc.lz4	DEBUG	Starting write
1512628655181	DeferredSave.webext.sc.lz4	DEBUG	Write succeeded
1512628655226	addons.manager	DEBUG	shutdown
1512628655227	addons.manager	DEBUG	Calling shutdown blocker for XPIProvider
1512628655227	addons.xpi	DEBUG	shutdown
1512628655228	addons.xpi-utils	DEBUG	shutdown
1512628655228	addons.manager	DEBUG	Calling shutdown blocker for LightweightThemeManager
1512628655228	addons.manager	DEBUG	Calling shutdown blocker for GMPProvider
1512628655230	addons.manager	DEBUG	Calling shutdown blocker for PluginProvider
1512628655231	addons.manager	DEBUG	Calling shutdown blocker for PreviousExperimentProvider
1512628655231	addons.manager	DEBUG	Calling shutdown blocker for <unnamed-provider>
1512628655245	addons.manager	DEBUG	Async provider shutdown done
JavaScript error: resource://gre/modules/PlacesUtils.jsm, line 2035: NS_ERROR_UNEXPECTED: Component returned failure code: 0x8000ffff (NS_ERROR_UNEXPECTED) [nsPIPlacesDatabase.connectionShutdownClient]
JavaScript error: resource://gre/modules/BookmarkHTMLUtils.jsm, line 911: NS_ERROR_UNEXPECTED: Component returned failure code: 0x8000ffff (NS_ERROR_UNEXPECTED) [nsINavBookmarksService.removeFolderChildren]
*** UTM:SVC TimerManager:registerTimer called after profile-before-change notification. Ignoring timer registration for id: telemetry_modules_ping
Unable to read VR Path Registry from C:\Users\Admin\AppData\Local\openvr\openvrpaths.vrpath
[GPU 780] WARNING: pipe error: 109: file z:/build/build/src/ipc/chromium/src/chrome/common/ipc_channel_win.cc, line 346

	at org.openqa.selenium.firefox.internal.NewProfileExtensionConnection.start(NewProfileExtensionConnection.java:113)
	... 27 more
]]>
    </error>
  </testcase> <!-- testNewRegistration -->
  <testcase name="testNewRegistration" time="0.036" classname="com.cgg.testcases.NewFactoryRegistrationTest">
    <error type="org.openqa.selenium.WebDriverException" message="Failed to connect to binary FirefoxBinary(C:\Program Files\Mozilla Firefox\firefox.exe) on port 7055; process output follows: 
s.productaddons	INFO	fetching config from: chrome://global/content/gmp-sources/openh264.json
1512628653568	addons.productaddons	INFO	fetching config from: chrome://global/content/gmp-sources/widevinecdm.json
1512628653570	addons.productaddons	INFO	found plugin: gmp-gmpopenh264
1512628653571	addons.productaddons	INFO	found plugin: gmp-widevinecdm
1512628653584	addons.productaddons	WARN	Failed downloading via XHR, status: 0, reason: error
1512628653588	addons.productaddons	WARN	Failed downloading via XHR, status: 0, reason: error
1512628654281	addons.xpi	DEBUG	Calling bootstrap method shutdown on webcompat@mozilla.org version 1.1
1512628654282	addons.xpi	DEBUG	Calling bootstrap method shutdown on shield-recipe-client@mozilla.org version 65
1512628654283	addons.xpi	DEBUG	Calling bootstrap method shutdown on screenshots@mozilla.org version 10.12.0
1512628654314	addons.xpi	DEBUG	Calling bootstrap method shutdown on onboarding@mozilla.org version 0.1
1512628654315	addons.xpi	DEBUG	Calling bootstrap method shutdown on formautofill@mozilla.org version 1.0
1512628654316	addons.xpi	DEBUG	Calling bootstrap method shutdown on followonsearch@mozilla.com version 0.9.3
1512628654317	addons.xpi	DEBUG	Calling bootstrap method shutdown on firefox@getpocket.com version 1.0.5
1512628654317	addons.xpi	DEBUG	Calling bootstrap method shutdown on e10srollout@mozilla.org version 3.00
1512628654318	addons.xpi	DEBUG	Calling bootstrap method shutdown on clicktoplay-rollout@mozilla.org version 1.4
1512628654320	addons.xpi	DEBUG	Calling bootstrap method shutdown on aushelper@mozilla.org version 2.0
1512628654320	addons.xpi	DEBUG	Calling bootstrap method shutdown on activity-stream@mozilla.org version 0.0.0
Unable to read VR Path Registry from C:\Users\Admin\AppData\Local\openvr\openvrpaths.vrpath
[Parent 2388] WARNING: pipe error: 109: file z:/build/build/src/ipc/chromium/src/chrome/common/ipc_channel_win.cc, line 346
Unable to read VR Path Registry from C:\Users\Admin\AppData\Local\openvr\openvrpaths.vrpath
[Child 2252] WARNING: pipe error: 109: file z:/build/build/src/ipc/chromium/src/chrome/common/ipc_channel_win.cc, line 346
[Child 2252] WARNING: pipe error: 109: file z:/build/build/src/ipc/chromium/src/chrome/common/ipc_channel_win.cc, line 346
Unable to read VR Path Registry from C:\Users\Admin\AppData\Local\openvr\openvrpaths.vrpath
[Child 2700] WARNING: pipe error: 109: file z:/build/build/src/ipc/chromium/src/chrome/common/ipc_channel_win.cc, line 346
1512628655041	DeferredSave.webext.sc.lz4	DEBUG	Starting write
1512628655181	DeferredSave.webext.sc.lz4	DEBUG	Write succeeded
1512628655226	addons.manager	DEBUG	shutdown
1512628655227	addons.manager	DEBUG	Calling shutdown blocker for XPIProvider
1512628655227	addons.xpi	DEBUG	shutdown
1512628655228	addons.xpi-utils	DEBUG	shutdown
1512628655228	addons.manager	DEBUG	Calling shutdown blocker for LightweightThemeManager
1512628655228	addons.manager	DEBUG	Calling shutdown blocker for GMPProvider
1512628655230	addons.manager	DEBUG	Calling shutdown blocker for PluginProvider
1512628655231	addons.manager	DEBUG	Calling shutdown blocker for PreviousExperimentProvider
1512628655231	addons.manager	DEBUG	Calling shutdown blocker for &lt;unnamed-provider&gt;
1512628655245	addons.manager	DEBUG	Async provider shutdown done
JavaScript error: resource://gre/modules/PlacesUtils.jsm, line 2035: NS_ERROR_UNEXPECTED: Component returned failure code: 0x8000ffff (NS_ERROR_UNEXPECTED) [nsPIPlacesDatabase.connectionShutdownClient]
JavaScript error: resource://gre/modules/BookmarkHTMLUtils.jsm, line 911: NS_ERROR_UNEXPECTED: Component returned failure code: 0x8000ffff (NS_ERROR_UNEXPECTED) [nsINavBookmarksService.removeFolderChildren]
*** UTM:SVC TimerManager:registerTimer called after profile-before-change notification. Ignoring timer registration for id: telemetry_modules_ping
Unable to read VR Path Registry from C:\Users\Admin\AppData\Local\openvr\openvrpaths.vrpath
[GPU 780] WARNING: pipe error: 109: file z:/build/build/src/ipc/chromium/src/chrome/common/ipc_channel_win.cc, line 346

Build info: version: &#039;2.53.1&#039;, revision: &#039;a36b8b1cd5757287168e54b817830adce9b0158d&#039;, time: &#039;2016-06-30 19:26:09&#039;
System info: host: &#039;Admin-PC&#039;, ip: &#039;192.168.109.1&#039;, os.name: &#039;Windows 7&#039;, os.arch: &#039;amd64&#039;, os.version: &#039;6.1&#039;, java.version: &#039;1.8.0_91&#039;
Driver info: driver.version: FirefoxDriver">
      <![CDATA[org.openqa.selenium.WebDriverException: Failed to connect to binary FirefoxBinary(C:\Program Files\Mozilla Firefox\firefox.exe) on port 7055; process output follows: 
s.productaddons	INFO	fetching config from: chrome://global/content/gmp-sources/openh264.json
1512628653568	addons.productaddons	INFO	fetching config from: chrome://global/content/gmp-sources/widevinecdm.json
1512628653570	addons.productaddons	INFO	found plugin: gmp-gmpopenh264
1512628653571	addons.productaddons	INFO	found plugin: gmp-widevinecdm
1512628653584	addons.productaddons	WARN	Failed downloading via XHR, status: 0, reason: error
1512628653588	addons.productaddons	WARN	Failed downloading via XHR, status: 0, reason: error
1512628654281	addons.xpi	DEBUG	Calling bootstrap method shutdown on webcompat@mozilla.org version 1.1
1512628654282	addons.xpi	DEBUG	Calling bootstrap method shutdown on shield-recipe-client@mozilla.org version 65
1512628654283	addons.xpi	DEBUG	Calling bootstrap method shutdown on screenshots@mozilla.org version 10.12.0
1512628654314	addons.xpi	DEBUG	Calling bootstrap method shutdown on onboarding@mozilla.org version 0.1
1512628654315	addons.xpi	DEBUG	Calling bootstrap method shutdown on formautofill@mozilla.org version 1.0
1512628654316	addons.xpi	DEBUG	Calling bootstrap method shutdown on followonsearch@mozilla.com version 0.9.3
1512628654317	addons.xpi	DEBUG	Calling bootstrap method shutdown on firefox@getpocket.com version 1.0.5
1512628654317	addons.xpi	DEBUG	Calling bootstrap method shutdown on e10srollout@mozilla.org version 3.00
1512628654318	addons.xpi	DEBUG	Calling bootstrap method shutdown on clicktoplay-rollout@mozilla.org version 1.4
1512628654320	addons.xpi	DEBUG	Calling bootstrap method shutdown on aushelper@mozilla.org version 2.0
1512628654320	addons.xpi	DEBUG	Calling bootstrap method shutdown on activity-stream@mozilla.org version 0.0.0
Unable to read VR Path Registry from C:\Users\Admin\AppData\Local\openvr\openvrpaths.vrpath
[Parent 2388] WARNING: pipe error: 109: file z:/build/build/src/ipc/chromium/src/chrome/common/ipc_channel_win.cc, line 346
Unable to read VR Path Registry from C:\Users\Admin\AppData\Local\openvr\openvrpaths.vrpath
[Child 2252] WARNING: pipe error: 109: file z:/build/build/src/ipc/chromium/src/chrome/common/ipc_channel_win.cc, line 346
[Child 2252] WARNING: pipe error: 109: file z:/build/build/src/ipc/chromium/src/chrome/common/ipc_channel_win.cc, line 346
Unable to read VR Path Registry from C:\Users\Admin\AppData\Local\openvr\openvrpaths.vrpath
[Child 2700] WARNING: pipe error: 109: file z:/build/build/src/ipc/chromium/src/chrome/common/ipc_channel_win.cc, line 346
1512628655041	DeferredSave.webext.sc.lz4	DEBUG	Starting write
1512628655181	DeferredSave.webext.sc.lz4	DEBUG	Write succeeded
1512628655226	addons.manager	DEBUG	shutdown
1512628655227	addons.manager	DEBUG	Calling shutdown blocker for XPIProvider
1512628655227	addons.xpi	DEBUG	shutdown
1512628655228	addons.xpi-utils	DEBUG	shutdown
1512628655228	addons.manager	DEBUG	Calling shutdown blocker for LightweightThemeManager
1512628655228	addons.manager	DEBUG	Calling shutdown blocker for GMPProvider
1512628655230	addons.manager	DEBUG	Calling shutdown blocker for PluginProvider
1512628655231	addons.manager	DEBUG	Calling shutdown blocker for PreviousExperimentProvider
1512628655231	addons.manager	DEBUG	Calling shutdown blocker for <unnamed-provider>
1512628655245	addons.manager	DEBUG	Async provider shutdown done
JavaScript error: resource://gre/modules/PlacesUtils.jsm, line 2035: NS_ERROR_UNEXPECTED: Component returned failure code: 0x8000ffff (NS_ERROR_UNEXPECTED) [nsPIPlacesDatabase.connectionShutdownClient]
JavaScript error: resource://gre/modules/BookmarkHTMLUtils.jsm, line 911: NS_ERROR_UNEXPECTED: Component returned failure code: 0x8000ffff (NS_ERROR_UNEXPECTED) [nsINavBookmarksService.removeFolderChildren]
*** UTM:SVC TimerManager:registerTimer called after profile-before-change notification. Ignoring timer registration for id: telemetry_modules_ping
Unable to read VR Path Registry from C:\Users\Admin\AppData\Local\openvr\openvrpaths.vrpath
[GPU 780] WARNING: pipe error: 109: file z:/build/build/src/ipc/chromium/src/chrome/common/ipc_channel_win.cc, line 346

Build info: version: '2.53.1', revision: 'a36b8b1cd5757287168e54b817830adce9b0158d', time: '2016-06-30 19:26:09'
System info: host: 'Admin-PC', ip: '192.168.109.1', os.name: 'Windows 7', os.arch: 'amd64', os.version: '6.1', java.version: '1.8.0_91'
Driver info: driver.version: FirefoxDriver
	at org.openqa.selenium.firefox.internal.NewProfileExtensionConnection.start(NewProfileExtensionConnection.java:125)
	at org.openqa.selenium.firefox.FirefoxDriver.startClient(FirefoxDriver.java:271)
	at org.openqa.selenium.remote.RemoteWebDriver.<init>(RemoteWebDriver.java:119)
	at org.openqa.selenium.firefox.FirefoxDriver.<init>(FirefoxDriver.java:216)
	at org.openqa.selenium.firefox.FirefoxDriver.<init>(FirefoxDriver.java:211)
	at org.openqa.selenium.firefox.FirefoxDriver.<init>(FirefoxDriver.java:207)
	at org.openqa.selenium.firefox.FirefoxDriver.<init>(FirefoxDriver.java:124)
	at com.cgg.testcases.TestBase.FirefoxDriver(TestBase.java:222)
	at com.cgg.testcases.TestBase.openBrowser(TestBase.java:90)
	at com.cgg.testcases.TestBase.beforetest(TestBase.java:109)
	at sun.reflect.NativeMethodAccessorImpl.invoke0(Native Method)
	at sun.reflect.NativeMethodAccessorImpl.invoke(Unknown Source)
	at sun.reflect.DelegatingMethodAccessorImpl.invoke(Unknown Source)
	at java.lang.reflect.Method.invoke(Unknown Source)
	at org.testng.internal.MethodInvocationHelper.invokeMethod(MethodInvocationHelper.java:86)
	at org.testng.internal.Invoker.invokeConfigurationMethod(Invoker.java:514)
	at org.testng.internal.Invoker.invokeConfigurations(Invoker.java:215)
	at org.testng.internal.Invoker.invokeConfigurations(Invoker.java:142)
	at org.testng.SuiteRunner.privateRun(SuiteRunner.java:305)
	at org.testng.SuiteRunner.run(SuiteRunner.java:268)
	at org.testng.SuiteRunnerWorker.runSuite(SuiteRunnerWorker.java:52)
	at org.testng.SuiteRunnerWorker.run(SuiteRunnerWorker.java:86)
	at org.testng.TestNG.runSuitesSequentially(TestNG.java:1244)
	at org.testng.TestNG.runSuitesLocally(TestNG.java:1169)
	at org.testng.TestNG.run(TestNG.java:1064)
	at org.testng.remote.AbstractRemoteTestNG.run(AbstractRemoteTestNG.java:132)
	at org.testng.remote.RemoteTestNG.initAndRun(RemoteTestNG.java:236)
	at org.testng.remote.RemoteTestNG.main(RemoteTestNG.java:81)
Caused by: org.openqa.selenium.firefox.NotConnectedException: Unable to connect to host 127.0.0.1 on port 7055 after 45000 ms. Firefox console output:
s.productaddons	INFO	fetching config from: chrome://global/content/gmp-sources/openh264.json
1512628653568	addons.productaddons	INFO	fetching config from: chrome://global/content/gmp-sources/widevinecdm.json
1512628653570	addons.productaddons	INFO	found plugin: gmp-gmpopenh264
1512628653571	addons.productaddons	INFO	found plugin: gmp-widevinecdm
1512628653584	addons.productaddons	WARN	Failed downloading via XHR, status: 0, reason: error
1512628653588	addons.productaddons	WARN	Failed downloading via XHR, status: 0, reason: error
1512628654281	addons.xpi	DEBUG	Calling bootstrap method shutdown on webcompat@mozilla.org version 1.1
1512628654282	addons.xpi	DEBUG	Calling bootstrap method shutdown on shield-recipe-client@mozilla.org version 65
1512628654283	addons.xpi	DEBUG	Calling bootstrap method shutdown on screenshots@mozilla.org version 10.12.0
1512628654314	addons.xpi	DEBUG	Calling bootstrap method shutdown on onboarding@mozilla.org version 0.1
1512628654315	addons.xpi	DEBUG	Calling bootstrap method shutdown on formautofill@mozilla.org version 1.0
1512628654316	addons.xpi	DEBUG	Calling bootstrap method shutdown on followonsearch@mozilla.com version 0.9.3
1512628654317	addons.xpi	DEBUG	Calling bootstrap method shutdown on firefox@getpocket.com version 1.0.5
1512628654317	addons.xpi	DEBUG	Calling bootstrap method shutdown on e10srollout@mozilla.org version 3.00
1512628654318	addons.xpi	DEBUG	Calling bootstrap method shutdown on clicktoplay-rollout@mozilla.org version 1.4
1512628654320	addons.xpi	DEBUG	Calling bootstrap method shutdown on aushelper@mozilla.org version 2.0
1512628654320	addons.xpi	DEBUG	Calling bootstrap method shutdown on activity-stream@mozilla.org version 0.0.0
Unable to read VR Path Registry from C:\Users\Admin\AppData\Local\openvr\openvrpaths.vrpath
[Parent 2388] WARNING: pipe error: 109: file z:/build/build/src/ipc/chromium/src/chrome/common/ipc_channel_win.cc, line 346
Unable to read VR Path Registry from C:\Users\Admin\AppData\Local\openvr\openvrpaths.vrpath
[Child 2252] WARNING: pipe error: 109: file z:/build/build/src/ipc/chromium/src/chrome/common/ipc_channel_win.cc, line 346
[Child 2252] WARNING: pipe error: 109: file z:/build/build/src/ipc/chromium/src/chrome/common/ipc_channel_win.cc, line 346
Unable to read VR Path Registry from C:\Users\Admin\AppData\Local\openvr\openvrpaths.vrpath
[Child 2700] WARNING: pipe error: 109: file z:/build/build/src/ipc/chromium/src/chrome/common/ipc_channel_win.cc, line 346
1512628655041	DeferredSave.webext.sc.lz4	DEBUG	Starting write
1512628655181	DeferredSave.webext.sc.lz4	DEBUG	Write succeeded
1512628655226	addons.manager	DEBUG	shutdown
1512628655227	addons.manager	DEBUG	Calling shutdown blocker for XPIProvider
1512628655227	addons.xpi	DEBUG	shutdown
1512628655228	addons.xpi-utils	DEBUG	shutdown
1512628655228	addons.manager	DEBUG	Calling shutdown blocker for LightweightThemeManager
1512628655228	addons.manager	DEBUG	Calling shutdown blocker for GMPProvider
1512628655230	addons.manager	DEBUG	Calling shutdown blocker for PluginProvider
1512628655231	addons.manager	DEBUG	Calling shutdown blocker for PreviousExperimentProvider
1512628655231	addons.manager	DEBUG	Calling shutdown blocker for <unnamed-provider>
1512628655245	addons.manager	DEBUG	Async provider shutdown done
JavaScript error: resource://gre/modules/PlacesUtils.jsm, line 2035: NS_ERROR_UNEXPECTED: Component returned failure code: 0x8000ffff (NS_ERROR_UNEXPECTED) [nsPIPlacesDatabase.connectionShutdownClient]
JavaScript error: resource://gre/modules/BookmarkHTMLUtils.jsm, line 911: NS_ERROR_UNEXPECTED: Component returned failure code: 0x8000ffff (NS_ERROR_UNEXPECTED) [nsINavBookmarksService.removeFolderChildren]
*** UTM:SVC TimerManager:registerTimer called after profile-before-change notification. Ignoring timer registration for id: telemetry_modules_ping
Unable to read VR Path Registry from C:\Users\Admin\AppData\Local\openvr\openvrpaths.vrpath
[GPU 780] WARNING: pipe error: 109: file z:/build/build/src/ipc/chromium/src/chrome/common/ipc_channel_win.cc, line 346

	at org.openqa.selenium.firefox.internal.NewProfileExtensionConnection.start(NewProfileExtensionConnection.java:113)
	... 27 more
]]>
    </error>
  </testcase> <!-- testNewRegistration -->
  <testcase name="testNewRegistration" time="0.003" classname="com.cgg.testcases.NewFactoryRegistrationTest">
    <error type="org.openqa.selenium.WebDriverException" message="Failed to connect to binary FirefoxBinary(C:\Program Files\Mozilla Firefox\firefox.exe) on port 7055; process output follows: 
s.productaddons	INFO	fetching config from: chrome://global/content/gmp-sources/openh264.json
1512628653568	addons.productaddons	INFO	fetching config from: chrome://global/content/gmp-sources/widevinecdm.json
1512628653570	addons.productaddons	INFO	found plugin: gmp-gmpopenh264
1512628653571	addons.productaddons	INFO	found plugin: gmp-widevinecdm
1512628653584	addons.productaddons	WARN	Failed downloading via XHR, status: 0, reason: error
1512628653588	addons.productaddons	WARN	Failed downloading via XHR, status: 0, reason: error
1512628654281	addons.xpi	DEBUG	Calling bootstrap method shutdown on webcompat@mozilla.org version 1.1
1512628654282	addons.xpi	DEBUG	Calling bootstrap method shutdown on shield-recipe-client@mozilla.org version 65
1512628654283	addons.xpi	DEBUG	Calling bootstrap method shutdown on screenshots@mozilla.org version 10.12.0
1512628654314	addons.xpi	DEBUG	Calling bootstrap method shutdown on onboarding@mozilla.org version 0.1
1512628654315	addons.xpi	DEBUG	Calling bootstrap method shutdown on formautofill@mozilla.org version 1.0
1512628654316	addons.xpi	DEBUG	Calling bootstrap method shutdown on followonsearch@mozilla.com version 0.9.3
1512628654317	addons.xpi	DEBUG	Calling bootstrap method shutdown on firefox@getpocket.com version 1.0.5
1512628654317	addons.xpi	DEBUG	Calling bootstrap method shutdown on e10srollout@mozilla.org version 3.00
1512628654318	addons.xpi	DEBUG	Calling bootstrap method shutdown on clicktoplay-rollout@mozilla.org version 1.4
1512628654320	addons.xpi	DEBUG	Calling bootstrap method shutdown on aushelper@mozilla.org version 2.0
1512628654320	addons.xpi	DEBUG	Calling bootstrap method shutdown on activity-stream@mozilla.org version 0.0.0
Unable to read VR Path Registry from C:\Users\Admin\AppData\Local\openvr\openvrpaths.vrpath
[Parent 2388] WARNING: pipe error: 109: file z:/build/build/src/ipc/chromium/src/chrome/common/ipc_channel_win.cc, line 346
Unable to read VR Path Registry from C:\Users\Admin\AppData\Local\openvr\openvrpaths.vrpath
[Child 2252] WARNING: pipe error: 109: file z:/build/build/src/ipc/chromium/src/chrome/common/ipc_channel_win.cc, line 346
[Child 2252] WARNING: pipe error: 109: file z:/build/build/src/ipc/chromium/src/chrome/common/ipc_channel_win.cc, line 346
Unable to read VR Path Registry from C:\Users\Admin\AppData\Local\openvr\openvrpaths.vrpath
[Child 2700] WARNING: pipe error: 109: file z:/build/build/src/ipc/chromium/src/chrome/common/ipc_channel_win.cc, line 346
1512628655041	DeferredSave.webext.sc.lz4	DEBUG	Starting write
1512628655181	DeferredSave.webext.sc.lz4	DEBUG	Write succeeded
1512628655226	addons.manager	DEBUG	shutdown
1512628655227	addons.manager	DEBUG	Calling shutdown blocker for XPIProvider
1512628655227	addons.xpi	DEBUG	shutdown
1512628655228	addons.xpi-utils	DEBUG	shutdown
1512628655228	addons.manager	DEBUG	Calling shutdown blocker for LightweightThemeManager
1512628655228	addons.manager	DEBUG	Calling shutdown blocker for GMPProvider
1512628655230	addons.manager	DEBUG	Calling shutdown blocker for PluginProvider
1512628655231	addons.manager	DEBUG	Calling shutdown blocker for PreviousExperimentProvider
1512628655231	addons.manager	DEBUG	Calling shutdown blocker for &lt;unnamed-provider&gt;
1512628655245	addons.manager	DEBUG	Async provider shutdown done
JavaScript error: resource://gre/modules/PlacesUtils.jsm, line 2035: NS_ERROR_UNEXPECTED: Component returned failure code: 0x8000ffff (NS_ERROR_UNEXPECTED) [nsPIPlacesDatabase.connectionShutdownClient]
JavaScript error: resource://gre/modules/BookmarkHTMLUtils.jsm, line 911: NS_ERROR_UNEXPECTED: Component returned failure code: 0x8000ffff (NS_ERROR_UNEXPECTED) [nsINavBookmarksService.removeFolderChildren]
*** UTM:SVC TimerManager:registerTimer called after profile-before-change notification. Ignoring timer registration for id: telemetry_modules_ping
Unable to read VR Path Registry from C:\Users\Admin\AppData\Local\openvr\openvrpaths.vrpath
[GPU 780] WARNING: pipe error: 109: file z:/build/build/src/ipc/chromium/src/chrome/common/ipc_channel_win.cc, line 346

Build info: version: &#039;2.53.1&#039;, revision: &#039;a36b8b1cd5757287168e54b817830adce9b0158d&#039;, time: &#039;2016-06-30 19:26:09&#039;
System info: host: &#039;Admin-PC&#039;, ip: &#039;192.168.109.1&#039;, os.name: &#039;Windows 7&#039;, os.arch: &#039;amd64&#039;, os.version: &#039;6.1&#039;, java.version: &#039;1.8.0_91&#039;
Driver info: driver.version: FirefoxDriver">
      <![CDATA[org.openqa.selenium.WebDriverException: Failed to connect to binary FirefoxBinary(C:\Program Files\Mozilla Firefox\firefox.exe) on port 7055; process output follows: 
s.productaddons	INFO	fetching config from: chrome://global/content/gmp-sources/openh264.json
1512628653568	addons.productaddons	INFO	fetching config from: chrome://global/content/gmp-sources/widevinecdm.json
1512628653570	addons.productaddons	INFO	found plugin: gmp-gmpopenh264
1512628653571	addons.productaddons	INFO	found plugin: gmp-widevinecdm
1512628653584	addons.productaddons	WARN	Failed downloading via XHR, status: 0, reason: error
1512628653588	addons.productaddons	WARN	Failed downloading via XHR, status: 0, reason: error
1512628654281	addons.xpi	DEBUG	Calling bootstrap method shutdown on webcompat@mozilla.org version 1.1
1512628654282	addons.xpi	DEBUG	Calling bootstrap method shutdown on shield-recipe-client@mozilla.org version 65
1512628654283	addons.xpi	DEBUG	Calling bootstrap method shutdown on screenshots@mozilla.org version 10.12.0
1512628654314	addons.xpi	DEBUG	Calling bootstrap method shutdown on onboarding@mozilla.org version 0.1
1512628654315	addons.xpi	DEBUG	Calling bootstrap method shutdown on formautofill@mozilla.org version 1.0
1512628654316	addons.xpi	DEBUG	Calling bootstrap method shutdown on followonsearch@mozilla.com version 0.9.3
1512628654317	addons.xpi	DEBUG	Calling bootstrap method shutdown on firefox@getpocket.com version 1.0.5
1512628654317	addons.xpi	DEBUG	Calling bootstrap method shutdown on e10srollout@mozilla.org version 3.00
1512628654318	addons.xpi	DEBUG	Calling bootstrap method shutdown on clicktoplay-rollout@mozilla.org version 1.4
1512628654320	addons.xpi	DEBUG	Calling bootstrap method shutdown on aushelper@mozilla.org version 2.0
1512628654320	addons.xpi	DEBUG	Calling bootstrap method shutdown on activity-stream@mozilla.org version 0.0.0
Unable to read VR Path Registry from C:\Users\Admin\AppData\Local\openvr\openvrpaths.vrpath
[Parent 2388] WARNING: pipe error: 109: file z:/build/build/src/ipc/chromium/src/chrome/common/ipc_channel_win.cc, line 346
Unable to read VR Path Registry from C:\Users\Admin\AppData\Local\openvr\openvrpaths.vrpath
[Child 2252] WARNING: pipe error: 109: file z:/build/build/src/ipc/chromium/src/chrome/common/ipc_channel_win.cc, line 346
[Child 2252] WARNING: pipe error: 109: file z:/build/build/src/ipc/chromium/src/chrome/common/ipc_channel_win.cc, line 346
Unable to read VR Path Registry from C:\Users\Admin\AppData\Local\openvr\openvrpaths.vrpath
[Child 2700] WARNING: pipe error: 109: file z:/build/build/src/ipc/chromium/src/chrome/common/ipc_channel_win.cc, line 346
1512628655041	DeferredSave.webext.sc.lz4	DEBUG	Starting write
1512628655181	DeferredSave.webext.sc.lz4	DEBUG	Write succeeded
1512628655226	addons.manager	DEBUG	shutdown
1512628655227	addons.manager	DEBUG	Calling shutdown blocker for XPIProvider
1512628655227	addons.xpi	DEBUG	shutdown
1512628655228	addons.xpi-utils	DEBUG	shutdown
1512628655228	addons.manager	DEBUG	Calling shutdown blocker for LightweightThemeManager
1512628655228	addons.manager	DEBUG	Calling shutdown blocker for GMPProvider
1512628655230	addons.manager	DEBUG	Calling shutdown blocker for PluginProvider
1512628655231	addons.manager	DEBUG	Calling shutdown blocker for PreviousExperimentProvider
1512628655231	addons.manager	DEBUG	Calling shutdown blocker for <unnamed-provider>
1512628655245	addons.manager	DEBUG	Async provider shutdown done
JavaScript error: resource://gre/modules/PlacesUtils.jsm, line 2035: NS_ERROR_UNEXPECTED: Component returned failure code: 0x8000ffff (NS_ERROR_UNEXPECTED) [nsPIPlacesDatabase.connectionShutdownClient]
JavaScript error: resource://gre/modules/BookmarkHTMLUtils.jsm, line 911: NS_ERROR_UNEXPECTED: Component returned failure code: 0x8000ffff (NS_ERROR_UNEXPECTED) [nsINavBookmarksService.removeFolderChildren]
*** UTM:SVC TimerManager:registerTimer called after profile-before-change notification. Ignoring timer registration for id: telemetry_modules_ping
Unable to read VR Path Registry from C:\Users\Admin\AppData\Local\openvr\openvrpaths.vrpath
[GPU 780] WARNING: pipe error: 109: file z:/build/build/src/ipc/chromium/src/chrome/common/ipc_channel_win.cc, line 346

Build info: version: '2.53.1', revision: 'a36b8b1cd5757287168e54b817830adce9b0158d', time: '2016-06-30 19:26:09'
System info: host: 'Admin-PC', ip: '192.168.109.1', os.name: 'Windows 7', os.arch: 'amd64', os.version: '6.1', java.version: '1.8.0_91'
Driver info: driver.version: FirefoxDriver
	at org.openqa.selenium.firefox.internal.NewProfileExtensionConnection.start(NewProfileExtensionConnection.java:125)
	at org.openqa.selenium.firefox.FirefoxDriver.startClient(FirefoxDriver.java:271)
	at org.openqa.selenium.remote.RemoteWebDriver.<init>(RemoteWebDriver.java:119)
	at org.openqa.selenium.firefox.FirefoxDriver.<init>(FirefoxDriver.java:216)
	at org.openqa.selenium.firefox.FirefoxDriver.<init>(FirefoxDriver.java:211)
	at org.openqa.selenium.firefox.FirefoxDriver.<init>(FirefoxDriver.java:207)
	at org.openqa.selenium.firefox.FirefoxDriver.<init>(FirefoxDriver.java:124)
	at com.cgg.testcases.TestBase.FirefoxDriver(TestBase.java:222)
	at com.cgg.testcases.TestBase.openBrowser(TestBase.java:90)
	at com.cgg.testcases.TestBase.beforetest(TestBase.java:109)
	at sun.reflect.NativeMethodAccessorImpl.invoke0(Native Method)
	at sun.reflect.NativeMethodAccessorImpl.invoke(Unknown Source)
	at sun.reflect.DelegatingMethodAccessorImpl.invoke(Unknown Source)
	at java.lang.reflect.Method.invoke(Unknown Source)
	at org.testng.internal.MethodInvocationHelper.invokeMethod(MethodInvocationHelper.java:86)
	at org.testng.internal.Invoker.invokeConfigurationMethod(Invoker.java:514)
	at org.testng.internal.Invoker.invokeConfigurations(Invoker.java:215)
	at org.testng.internal.Invoker.invokeConfigurations(Invoker.java:142)
	at org.testng.SuiteRunner.privateRun(SuiteRunner.java:305)
	at org.testng.SuiteRunner.run(SuiteRunner.java:268)
	at org.testng.SuiteRunnerWorker.runSuite(SuiteRunnerWorker.java:52)
	at org.testng.SuiteRunnerWorker.run(SuiteRunnerWorker.java:86)
	at org.testng.TestNG.runSuitesSequentially(TestNG.java:1244)
	at org.testng.TestNG.runSuitesLocally(TestNG.java:1169)
	at org.testng.TestNG.run(TestNG.java:1064)
	at org.testng.remote.AbstractRemoteTestNG.run(AbstractRemoteTestNG.java:132)
	at org.testng.remote.RemoteTestNG.initAndRun(RemoteTestNG.java:236)
	at org.testng.remote.RemoteTestNG.main(RemoteTestNG.java:81)
Caused by: org.openqa.selenium.firefox.NotConnectedException: Unable to connect to host 127.0.0.1 on port 7055 after 45000 ms. Firefox console output:
s.productaddons	INFO	fetching config from: chrome://global/content/gmp-sources/openh264.json
1512628653568	addons.productaddons	INFO	fetching config from: chrome://global/content/gmp-sources/widevinecdm.json
1512628653570	addons.productaddons	INFO	found plugin: gmp-gmpopenh264
1512628653571	addons.productaddons	INFO	found plugin: gmp-widevinecdm
1512628653584	addons.productaddons	WARN	Failed downloading via XHR, status: 0, reason: error
1512628653588	addons.productaddons	WARN	Failed downloading via XHR, status: 0, reason: error
1512628654281	addons.xpi	DEBUG	Calling bootstrap method shutdown on webcompat@mozilla.org version 1.1
1512628654282	addons.xpi	DEBUG	Calling bootstrap method shutdown on shield-recipe-client@mozilla.org version 65
1512628654283	addons.xpi	DEBUG	Calling bootstrap method shutdown on screenshots@mozilla.org version 10.12.0
1512628654314	addons.xpi	DEBUG	Calling bootstrap method shutdown on onboarding@mozilla.org version 0.1
1512628654315	addons.xpi	DEBUG	Calling bootstrap method shutdown on formautofill@mozilla.org version 1.0
1512628654316	addons.xpi	DEBUG	Calling bootstrap method shutdown on followonsearch@mozilla.com version 0.9.3
1512628654317	addons.xpi	DEBUG	Calling bootstrap method shutdown on firefox@getpocket.com version 1.0.5
1512628654317	addons.xpi	DEBUG	Calling bootstrap method shutdown on e10srollout@mozilla.org version 3.00
1512628654318	addons.xpi	DEBUG	Calling bootstrap method shutdown on clicktoplay-rollout@mozilla.org version 1.4
1512628654320	addons.xpi	DEBUG	Calling bootstrap method shutdown on aushelper@mozilla.org version 2.0
1512628654320	addons.xpi	DEBUG	Calling bootstrap method shutdown on activity-stream@mozilla.org version 0.0.0
Unable to read VR Path Registry from C:\Users\Admin\AppData\Local\openvr\openvrpaths.vrpath
[Parent 2388] WARNING: pipe error: 109: file z:/build/build/src/ipc/chromium/src/chrome/common/ipc_channel_win.cc, line 346
Unable to read VR Path Registry from C:\Users\Admin\AppData\Local\openvr\openvrpaths.vrpath
[Child 2252] WARNING: pipe error: 109: file z:/build/build/src/ipc/chromium/src/chrome/common/ipc_channel_win.cc, line 346
[Child 2252] WARNING: pipe error: 109: file z:/build/build/src/ipc/chromium/src/chrome/common/ipc_channel_win.cc, line 346
Unable to read VR Path Registry from C:\Users\Admin\AppData\Local\openvr\openvrpaths.vrpath
[Child 2700] WARNING: pipe error: 109: file z:/build/build/src/ipc/chromium/src/chrome/common/ipc_channel_win.cc, line 346
1512628655041	DeferredSave.webext.sc.lz4	DEBUG	Starting write
1512628655181	DeferredSave.webext.sc.lz4	DEBUG	Write succeeded
1512628655226	addons.manager	DEBUG	shutdown
1512628655227	addons.manager	DEBUG	Calling shutdown blocker for XPIProvider
1512628655227	addons.xpi	DEBUG	shutdown
1512628655228	addons.xpi-utils	DEBUG	shutdown
1512628655228	addons.manager	DEBUG	Calling shutdown blocker for LightweightThemeManager
1512628655228	addons.manager	DEBUG	Calling shutdown blocker for GMPProvider
1512628655230	addons.manager	DEBUG	Calling shutdown blocker for PluginProvider
1512628655231	addons.manager	DEBUG	Calling shutdown blocker for PreviousExperimentProvider
1512628655231	addons.manager	DEBUG	Calling shutdown blocker for <unnamed-provider>
1512628655245	addons.manager	DEBUG	Async provider shutdown done
JavaScript error: resource://gre/modules/PlacesUtils.jsm, line 2035: NS_ERROR_UNEXPECTED: Component returned failure code: 0x8000ffff (NS_ERROR_UNEXPECTED) [nsPIPlacesDatabase.connectionShutdownClient]
JavaScript error: resource://gre/modules/BookmarkHTMLUtils.jsm, line 911: NS_ERROR_UNEXPECTED: Component returned failure code: 0x8000ffff (NS_ERROR_UNEXPECTED) [nsINavBookmarksService.removeFolderChildren]
*** UTM:SVC TimerManager:registerTimer called after profile-before-change notification. Ignoring timer registration for id: telemetry_modules_ping
Unable to read VR Path Registry from C:\Users\Admin\AppData\Local\openvr\openvrpaths.vrpath
[GPU 780] WARNING: pipe error: 109: file z:/build/build/src/ipc/chromium/src/chrome/common/ipc_channel_win.cc, line 346

	at org.openqa.selenium.firefox.internal.NewProfileExtensionConnection.start(NewProfileExtensionConnection.java:113)
	... 27 more
]]>
    </error>
  </testcase> <!-- testNewRegistration -->
  <testcase name="testNewRegistration" time="0.002" classname="com.cgg.testcases.NewFactoryRegistrationTest">
    <error type="org.openqa.selenium.WebDriverException" message="Failed to connect to binary FirefoxBinary(C:\Program Files\Mozilla Firefox\firefox.exe) on port 7055; process output follows: 
s.productaddons	INFO	fetching config from: chrome://global/content/gmp-sources/openh264.json
1512628653568	addons.productaddons	INFO	fetching config from: chrome://global/content/gmp-sources/widevinecdm.json
1512628653570	addons.productaddons	INFO	found plugin: gmp-gmpopenh264
1512628653571	addons.productaddons	INFO	found plugin: gmp-widevinecdm
1512628653584	addons.productaddons	WARN	Failed downloading via XHR, status: 0, reason: error
1512628653588	addons.productaddons	WARN	Failed downloading via XHR, status: 0, reason: error
1512628654281	addons.xpi	DEBUG	Calling bootstrap method shutdown on webcompat@mozilla.org version 1.1
1512628654282	addons.xpi	DEBUG	Calling bootstrap method shutdown on shield-recipe-client@mozilla.org version 65
1512628654283	addons.xpi	DEBUG	Calling bootstrap method shutdown on screenshots@mozilla.org version 10.12.0
1512628654314	addons.xpi	DEBUG	Calling bootstrap method shutdown on onboarding@mozilla.org version 0.1
1512628654315	addons.xpi	DEBUG	Calling bootstrap method shutdown on formautofill@mozilla.org version 1.0
1512628654316	addons.xpi	DEBUG	Calling bootstrap method shutdown on followonsearch@mozilla.com version 0.9.3
1512628654317	addons.xpi	DEBUG	Calling bootstrap method shutdown on firefox@getpocket.com version 1.0.5
[...]
s.productaddons	INFO	fetching config from: chrome://global/content/gmp-sources/openh264.json
1512628653568	addons.productaddons	INFO	fetching config from: chrome://global/content/gmp-sources/widevinecdm.json
1512628653570	addons.productaddons	INFO	found plugin: gmp-gmpopenh264
1512628653571	addons.productaddons	INFO	found plugin: gmp-widevinecdm
1512628653584	addons.productaddons	WARN	Failed downloading via XHR, status: 0, reason: error
1512628653588	addons.productaddons	WARN	Failed downloading via XHR, status: 0, reason: error
1512628654281	addons.xpi	DEBUG	Calling bootstrap method shutdown on webcompat@mozilla.org version 1.1
1512628654282	addons.xpi	DEBUG	Calling bootstrap method shutdown on shield-recipe-client@mozilla.org version 65
1512628654283	addons.xpi	DEBUG	Calling bootstrap method shutdown on screenshots@mozilla.org version 10.12.0
1512628654314	addons.xpi	DEBUG	Calling bootstrap method shutdown on onboarding@mozilla.org version 0.1
1512628654315	addons.xpi	DEBUG	Calling bootstrap method shutdown on formautofill@mozilla.org version 1.0
1512628654316	addons.xpi	DEBUG	Calling bootstrap method shutdown on followonsearch@mozilla.com version 0.9.3
1512628654317	addons.xpi	DEBUG	Calling bootstrap method shutdown on firefox@getpocket.com version 1.0.5
1512628654317	addons.xpi	DEBUG	Calling bootstrap method shutdown on e10srollout@mozilla.org version 3.00
1512628654318	addons.xpi	DEBUG	Calling bootstrap method shutdown on clicktoplay-rollout@mozilla.org version 1.4
1512628654320	addons.xpi	DEBUG	Calling bootstrap method shutdown on aushelper@mozilla.org version 2.0
1512628654320	addons.xpi	DEBUG	Calling bootstrap method shutdown on activity-stream@mozilla.org version 0.0.0
Unable to read VR Path Registry from C:\Users\Admin\AppData\Local\openvr\openvrpaths.vrpath
[Parent 2388] WARNING: pipe error: 109: file z:/build/build/src/ipc/chromium/src/chrome/common/ipc_channel_win.cc, line 346
Unable to read VR Path Registry from C:\Users\Admin\AppData\Local\openvr\openvrpaths.vrpath
[Child 2252] WARNING: pipe error: 109: file z:/build/build/src/ipc/chromium/src/chrome/common/ipc_channel_win.cc, line 346
[Child 2252] WARNING: pipe error: 109: file z:/build/build/src/ipc/chromium/src/chrome/common/ipc_channel_win.cc, line 346
Unable to read VR Path Registry from C:\Users\Admin\AppData\Local\openvr\openvrpaths.vrpath
[Child 2700] WARNING: pipe error: 109: file z:/build/build/src/ipc/chromium/src/chrome/common/ipc_channel_win.cc, line 346
1512628655041	DeferredSave.webext.sc.lz4	DEBUG	Starting write
1512628655181	DeferredSave.webext.sc.lz4	DEBUG	Write succeeded
1512628655226	addons.manager	DEBUG	shutdown
1512628655227	addons.manager	DEBUG	Calling shutdown blocker for XPIProvider
1512628655227	addons.xpi	DEBUG	shutdown
1512628655228	addons.xpi-utils	DEBUG	shutdown
1512628655228	addons.manager	DEBUG	Calling shutdown blocker for LightweightThemeManager
1512628655228	addons.manager	DEBUG	Calling shutdown blocker for GMPProvider
1512628655230	addons.manager	DEBUG	Calling shutdown blocker for PluginProvider
1512628655231	addons.manager	DEBUG	Calling shutdown blocker for PreviousExperimentProvider
1512628655231	addons.manager	DEBUG	Calling shutdown blocker for <unnamed-provider>
1512628655245	addons.manager	DEBUG	Async provider shutdown done
JavaScript error: resource://gre/modules/PlacesUtils.jsm, line 2035: NS_ERROR_UNEXPECTED: Component returned failure code: 0x8000ffff (NS_ERROR_UNEXPECTED) [nsPIPlacesDatabase.connectionShutdownClient]
JavaScript error: resource://gre/modules/BookmarkHTMLUtils.jsm, line 911: NS_ERROR_UNEXPECTED: Component returned failure code: 0x8000ffff (NS_ERROR_UNEXPECTED) [nsINavBookmarksService.removeFolderChildren]
*** UTM:SVC TimerManager:registerTimer called after profile-before-change notification. Ignoring timer registration for id: telemetry_modules_ping
Unable to read VR Path Registry from C:\Users\Admin\AppData\Local\openvr\openvrpaths.vrpath
[GPU 780] WARNING: pipe error: 109: file z:/build/build/src/ipc/chromium/src/chrome/common/ipc_channel_win.cc, line 346

	at org.openqa.selenium.firefox.internal.NewProfileExtensionConnection.start(NewProfileExtensionConnection.java:113)
	... 27 more
]]>
    </error>
  </testcase> <!-- testNewRegistration -->
  <testcase name="testNewRegistration" time="0.002" classname="com.cgg.testcases.NewFactoryRegistrationTest">
    <error type="org.openqa.selenium.WebDriverException" message="Failed to connect to binary FirefoxBinary(C:\Program Files\Mozilla Firefox\firefox.exe) on port 7055; process output follows: 
s.productaddons	INFO	fetching config from: chrome://global/content/gmp-sources/openh264.json
1512628653568	addons.productaddons	INFO	fetching config from: chrome://global/content/gmp-sources/widevinecdm.json
1512628653570	addons.productaddons	INFO	found plugin: gmp-gmpopenh264
1512628653571	addons.productaddons	INFO	found plugin: gmp-widevinecdm
1512628653584	addons.productaddons	WARN	Failed downloading via XHR, status: 0, reason: error
1512628653588	addons.productaddons	WARN	Failed downloading via XHR, status: 0, reason: error
1512628654281	addons.xpi	DEBUG	Calling bootstrap method shutdown on webcompat@mozilla.org version 1.1
1512628654282	addons.xpi	DEBUG	Calling bootstrap method shutdown on shield-recipe-client@mozilla.org version 65
1512628654283	addons.xpi	DEBUG	Calling bootstrap method shutdown on screenshots@mozilla.org version 10.12.0
1512628654314	addons.xpi	DEBUG	Calling bootstrap method shutdown on onboarding@mozilla.org version 0.1
1512628654315	addons.xpi	DEBUG	Calling bootstrap method shutdown on formautofill@mozilla.org version 1.0
1512628654316	addons.xpi	DEBUG	Calling bootstrap method shutdown on followonsearch@mozilla.com version 0.9.3
1512628654317	addons.xpi	DEBUG	Calling bootstrap method shutdown on firefox@getpocket.com version 1.0.5
1512628654317	addons.xpi	DEBUG	Calling bootstrap method shutdown on e10srollout@mozilla.org version 3.00
1512628654318	addons.xpi	DEBUG	Calling bootstrap method shutdown on clicktoplay-rollout@mozilla.org version 1.4
1512628654320	addons.xpi	DEBUG	Calling bootstrap method shutdown on aushelper@mozilla.org version 2.0
1512628654320	addons.xpi	DEBUG	Calling bootstrap method shutdown on activity-stream@mozilla.org version 0.0.0
Unable to read VR Path Registry from C:\Users\Admin\AppData\Local\openvr\openvrpaths.vrpath
[Parent 2388] WARNING: pipe error: 109: file z:/build/build/src/ipc/chromium/src/chrome/common/ipc_channel_win.cc, line 346
Unable to read VR Path Registry from C:\Users\Admin\AppData\Local\openvr\openvrpaths.vrpath
[Child 2252] WARNING: pipe error: 109: file z:/build/build/src/ipc/chromium/src/chrome/common/ipc_channel_win.cc, line 346
[Child 2252] WARNING: pipe error: 109: file z:/build/build/src/ipc/chromium/src/chrome/common/ipc_channel_win.cc, line 346
Unable to read VR Path Registry from C:\Users\Admin\AppData\Local\openvr\openvrpaths.vrpath
[Child 2700] WARNING: pipe error: 109: file z:/build/build/src/ipc/chromium/src/chrome/common/ipc_channel_win.cc, line 346
1512628655041	DeferredSave.webext.sc.lz4	DEBUG	Starting write
1512628655181	DeferredSave.webext.sc.lz4	DEBUG	Write succeeded
1512628655226	addons.manager	DEBUG	shutdown
1512628655227	addons.manager	DEBUG	Calling shutdown blocker for XPIProvider
1512628655227	addons.xpi	DEBUG	shutdown
1512628655228	addons.xpi-utils	DEBUG	shutdown
1512628655228	addons.manager	DEBUG	Calling shutdown blocker for LightweightThemeManager
1512628655228	addons.manager	DEBUG	Calling shutdown blocker for GMPProvider
1512628655230	addons.manager	DEBUG	Calling shutdown blocker for PluginProvider
1512628655231	addons.manager	DEBUG	Calling shutdown blocker for PreviousExperimentProvider
1512628655231	addons.manager	DEBUG	Calling shutdown blocker for &lt;unnamed-provider&gt;
1512628655245	addons.manager	DEBUG	Async provider shutdown done
JavaScript error: resource://gre/modules/PlacesUtils.jsm, line 2035: NS_ERROR_UNEXPECTED: Component returned failure code: 0x8000ffff (NS_ERROR_UNEXPECTED) [nsPIPlacesDatabase.connectionShutdownClient]
JavaScript error: resource://gre/modules/BookmarkHTMLUtils.jsm, line 911: NS_ERROR_UNEXPECTED: Component returned failure code: 0x8000ffff (NS_ERROR_UNEXPECTED) [nsINavBookmarksService.removeFolderChildren]
*** UTM:SVC TimerManager:registerTimer called after profile-before-change notification. Ignoring timer registration for id: telemetry_modules_ping
Unable to read VR Path Registry from C:\Users\Admin\AppData\Local\openvr\openvrpaths.vrpath
[GPU 780] WARNING: pipe error: 109: file z:/build/build/src/ipc/chromium/src/chrome/common/ipc_channel_win.cc, line 346

Build info: version: &#039;2.53.1&#039;, revision: &#039;a36b8b1cd5757287168e54b817830adce9b0158d&#039;, time: &#039;2016-06-30 19:26:09&#039;
System info: host: &#039;Admin-PC&#039;, ip: &#039;192.168.109.1&#039;, os.name: &#039;Windows 7&#039;, os.arch: &#039;amd64&#039;, os.version: &#039;6.1&#039;, java.version: &#039;1.8.0_91&#039;
Driver info: driver.version: FirefoxDriver">
      <![CDATA[org.openqa.selenium.WebDriverException: Failed to connect to binary FirefoxBinary(C:\Program Files\Mozilla Firefox\firefox.exe) on port 7055; process output follows: 
s.productaddons	INFO	fetching config from: chrome://global/content/gmp-sources/openh264.json
1512628653568	addons.productaddons	INFO	fetching config from: chrome://global/content/gmp-sources/widevinecdm.json
1512628653570	addons.productaddons	INFO	found plugin: gmp-gmpopenh264
1512628653571	addons.productaddons	INFO	found plugin: gmp-widevinecdm
1512628653584	addons.productaddons	WARN	Failed downloading via XHR, status: 0, reason: error
1512628653588	addons.productaddons	WARN	Failed downloading via XHR, status: 0, reason: error
1512628654281	addons.xpi	DEBUG	Calling bootstrap method shutdown on webcompat@mozilla.org version 1.1
1512628654282	addons.xpi	DEBUG	Calling bootstrap method shutdown on shield-recipe-client@mozilla.org version 65
1512628654283	addons.xpi	DEBUG	Calling bootstrap method shutdown on screenshots@mozilla.org version 10.12.0
1512628654314	addons.xpi	DEBUG	Calling bootstrap method shutdown on onboarding@mozilla.org version 0.1
1512628654315	addons.xpi	DEBUG	Calling bootstrap method shutdown on formautofill@mozilla.org version 1.0
1512628654316	addons.xpi	DEBUG	Calling bootstrap method shutdown on followonsearch@mozilla.com version 0.9.3
1512628654317	addons.xpi	DEBUG	Calling bootstrap method shutdown on firefox@getpocket.com version 1.0.5
1512628654317	addons.xpi	DEBUG	Calling bootstrap method shutdown on e10srollout@mozilla.org version 3.00
1512628654318	addons.xpi	DEBUG	Calling bootstrap method shutdown on clicktoplay-rollout@mozilla.org version 1.4
1512628654320	addons.xpi	DEBUG	Calling bootstrap method shutdown on aushelper@mozilla.org version 2.0
1512628654320	addons.xpi	DEBUG	Calling bootstrap method shutdown on activity-stream@mozilla.org version 0.0.0
Unable to read VR Path Registry from C:\Users\Admin\AppData\Local\openvr\openvrpaths.vrpath
[Parent 2388] WARNING: pipe error: 109: file z:/build/build/src/ipc/chromium/src/chrome/common/ipc_channel_win.cc, line 346
Unable to read VR Path Registry from C:\Users\Admin\AppData\Local\openvr\openvrpaths.vrpath
[Child 2252] WARNING: pipe error: 109: file z:/build/build/src/ipc/chromium/src/chrome/common/ipc_channel_win.cc, line 346
[Child 2252] WARNING: pipe error: 109: file z:/build/build/src/ipc/chromium/src/chrome/common/ipc_channel_win.cc, line 346
Unable to read VR Path Registry from C:\Users\Admin\AppData\Local\openvr\openvrpaths.vrpath
[Child 2700] WARNING: pipe error: 109: file z:/build/build/src/ipc/chromium/src/chrome/common/ipc_channel_win.cc, line 346
1512628655041	DeferredSave.webext.sc.lz4	DEBUG	Starting write
1512628655181	DeferredSave.webext.sc.lz4	DEBUG	Write succeeded
1512628655226	addons.manager	DEBUG	shutdown
1512628655227	addons.manager	DEBUG	Calling shutdown blocker for XPIProvider
1512628655227	addons.xpi	DEBUG	shutdown
1512628655228	addons.xpi-utils	DEBUG	shutdown
1512628655228	addons.manager	DEBUG	Calling shutdown blocker for LightweightThemeManager
1512628655228	addons.manager	DEBUG	Calling shutdown blocker for GMPProvider
1512628655230	addons.manager	DEBUG	Calling shutdown blocker for PluginProvider
1512628655231	addons.manager	DEBUG	Calling shutdown blocker for PreviousExperimentProvider
1512628655231	addons.manager	DEBUG	Calling shutdown blocker for <unnamed-provider>
1512628655245	addons.manager	DEBUG	Async provider shutdown done
JavaScript error: resource://gre/modules/PlacesUtils.jsm, line 2035: NS_ERROR_UNEXPECTED: Component returned failure code: 0x8000ffff (NS_ERROR_UNEXPECTED) [nsPIPlacesDatabase.connectionShutdownClient]
JavaScript error: resource://gre/modules/BookmarkHTMLUtils.jsm, line 911: NS_ERROR_UNEXPECTED: Component returned failure code: 0x8000ffff (NS_ERROR_UNEXPECTED) [nsINavBookmarksService.removeFolderChildren]
*** UTM:SVC TimerManager:registerTimer called after profile-before-change notification. Ignoring timer registration for id: telemetry_modules_ping
Unable to read VR Path Registry from C:\Users\Admin\AppData\Local\openvr\openvrpaths.vrpath
[GPU 780] WARNING: pipe error: 109: file z:/build/build/src/ipc/chromium/src/chrome/common/ipc_channel_win.cc, line 346

Build info: version: '2.53.1', revision: 'a36b8b1cd5757287168e54b817830adce9b0158d', time: '2016-06-30 19:26:09'
System info: host: 'Admin-PC', ip: '192.168.109.1', os.name: 'Windows 7', os.arch: 'amd64', os.version: '6.1', java.version: '1.8.0_91'
Driver info: driver.version: FirefoxDriver
	at org.openqa.selenium.firefox.internal.NewProfileExtensionConnection.start(NewProfileExtensionConnection.java:125)
	at org.openqa.selenium.firefox.FirefoxDriver.startClient(FirefoxDriver.java:271)
	at org.openqa.selenium.remote.RemoteWebDriver.<init>(RemoteWebDriver.java:119)
	at org.openqa.selenium.firefox.FirefoxDriver.<init>(FirefoxDriver.java:216)
	at org.openqa.selenium.firefox.FirefoxDriver.<init>(FirefoxDriver.java:211)
	at org.openqa.selenium.firefox.FirefoxDriver.<init>(FirefoxDriver.java:207)
	at org.openqa.selenium.firefox.FirefoxDriver.<init>(FirefoxDriver.java:124)
	at com.cgg.testcases.TestBase.FirefoxDriver(TestBase.java:222)
	at com.cgg.testcases.TestBase.openBrowser(TestBase.java:90)
	at com.cgg.testcases.TestBase.beforetest(TestBase.java:109)
	at sun.reflect.NativeMethodAccessorImpl.invoke0(Native Method)
	at sun.reflect.NativeMethodAccessorImpl.invoke(Unknown Source)
	at sun.reflect.DelegatingMethodAccessorImpl.invoke(Unknown Source)
	at java.lang.reflect.Method.invoke(Unknown Source)
	at org.testng.internal.MethodInvocationHelper.invokeMethod(MethodInvocationHelper.java:86)
	at org.testng.internal.Invoker.invokeConfigurationMethod(Invoker.java:514)
	at org.testng.internal.Invoker.invokeConfigurations(Invoker.java:215)
	at org.testng.internal.Invoker.invokeConfigurations(Invoker.java:142)
	at org.testng.SuiteRunner.privateRun(SuiteRunner.java:305)
	at org.testng.SuiteRunner.run(SuiteRunner.java:268)
	at org.testng.SuiteRunnerWorker.runSuite(SuiteRunnerWorker.java:52)
	at org.testng.SuiteRunnerWorker.run(SuiteRunnerWorker.java:86)
	at org.testng.TestNG.runSuitesSequentially(TestNG.java:1244)
	at org.testng.TestNG.runSuitesLocally(TestNG.java:1169)
	at org.testng.TestNG.run(TestNG.java:1064)
	at org.testng.remote.AbstractRemoteTestNG.run(AbstractRemoteTestNG.java:132)
	at org.testng.remote.RemoteTestNG.initAndRun(RemoteTestNG.java:236)
	at org.testng.remote.RemoteTestNG.main(RemoteTestNG.java:81)
Caused by: org.openqa.selenium.firefox.NotConnectedException: Unable to connect to host 127.0.0.1 on port 7055 after 45000 ms. Firefox console output:
s.productaddons	INFO	fetching config from: chrome://global/content/gmp-sources/openh264.json
1512628653568	addons.productaddons	INFO	fetching config from: chrome://global/content/gmp-sources/widevinecdm.json
1512628653570	addons.productaddons	INFO	found plugin: gmp-gmpopenh264
1512628653571	addons.productaddons	INFO	found plugin: gmp-widevinecdm
1512628653584	addons.productaddons	WARN	Failed downloading via XHR, status: 0, reason: error
1512628653588	addons.productaddons	WARN	Failed downloading via XHR, status: 0, reason: error
1512628654281	addons.xpi	DEBUG	Calling bootstrap method shutdown on webcompat@mozilla.org version 1.1
1512628654282	addons.xpi	DEBUG	Calling bootstrap method shutdown on shield-recipe-client@mozilla.org version 65
1512628654283	addons.xpi	DEBUG	Calling bootstrap method shutdown on screenshots@mozilla.org version 10.12.0
1512628654314	addons.xpi	DEBUG	Calling bootstrap method shutdown on onboarding@mozilla.org version 0.1
1512628654315	addons.xpi	DEBUG	Calling bootstrap method shutdown on formautofill@mozilla.org version 1.0
1512628654316	addons.xpi	DEBUG	Calling bootstrap method shutdown on followonsearch@mozilla.com version 0.9.3
1512628654317	addons.xpi	DEBUG	Calling bootstrap method shutdown on firefox@getpocket.com version 1.0.5
1512628654317	addons.xpi	DEBUG	Calling bootstrap method shutdown on e10srollout@mozilla.org version 3.00
1512628654318	addons.xpi	DEBUG	Calling bootstrap method shutdown on clicktoplay-rollout@mozilla.org version 1.4
1512628654320	addons.xpi	DEBUG	Calling bootstrap method shutdown on aushelper@mozilla.org version 2.0
1512628654320	addons.xpi	DEBUG	Calling bootstrap method shutdown on activity-stream@mozilla.org version 0.0.0
Unable to read VR Path Registry from C:\Users\Admin\AppData\Local\openvr\openvrpaths.vrpath
[Parent 2388] WARNING: pipe error: 109: file z:/build/build/src/ipc/chromium/src/chrome/common/ipc_channel_win.cc, line 346
Unable to read VR Path Registry from C:\Users\Admin\AppData\Local\openvr\openvrpaths.vrpath
[Child 2252] WARNING: pipe error: 109: file z:/build/build/src/ipc/chromium/src/chrome/common/ipc_channel_win.cc, line 346
[Child 2252] WARNING: pipe error: 109: file z:/build/build/src/ipc/chromium/src/chrome/common/ipc_channel_win.cc, line 346
Unable to read VR Path Registry from C:\Users\Admin\AppData\Local\openvr\openvrpaths.vrpath
[Child 2700] WARNING: pipe error: 109: file z:/build/build/src/ipc/chromium/src/chrome/common/ipc_channel_win.cc, line 346
1512628655041	DeferredSave.webext.sc.lz4	DEBUG	Starting write
1512628655181	DeferredSave.webext.sc.lz4	DEBUG	Write succeeded
1512628655226	addons.manager	DEBUG	shutdown
1512628655227	addons.manager	DEBUG	Calling shutdown blocker for XPIProvider
1512628655227	addons.xpi	DEBUG	shutdown
1512628655228	addons.xpi-utils	DEBUG	shutdown
1512628655228	addons.manager	DEBUG	Calling shutdown blocker for LightweightThemeManager
1512628655228	addons.manager	DEBUG	Calling shutdown blocker for GMPProvider
1512628655230	addons.manager	DEBUG	Calling shutdown blocker for PluginProvider
1512628655231	addons.manager	DEBUG	Calling shutdown blocker for PreviousExperimentProvider
1512628655231	addons.manager	DEBUG	Calling shutdown blocker for <unnamed-provider>
1512628655245	addons.manager	DEBUG	Async provider shutdown done
JavaScript error: resource://gre/modules/PlacesUtils.jsm, line 2035: NS_ERROR_UNEXPECTED: Component returned failure code: 0x8000ffff (NS_ERROR_UNEXPECTED) [nsPIPlacesDatabase.connectionShutdownClient]
JavaScript error: resource://gre/modules/BookmarkHTMLUtils.jsm, line 911: NS_ERROR_UNEXPECTED: Component returned failure code: 0x8000ffff (NS_ERROR_UNEXPECTED) [nsINavBookmarksService.removeFolderChildren]
*** UTM:SVC TimerManager:registerTimer called after profile-before-change notification. Ignoring timer registration for id: telemetry_modules_ping
Unable to read VR Path Registry from C:\Users\Admin\AppData\Local\openvr\openvrpaths.vrpath
[GPU 780] WARNING: pipe error: 109: file z:/build/build/src/ipc/chromium/src/chrome/common/ipc_channel_win.cc, line 346

	at org.openqa.selenium.firefox.internal.NewProfileExtensionConnection.start(NewProfileExtensionConnection.java:113)
	... 27 more
]]>
    </error>
  </testcase> <!-- testNewRegistration -->
</testsuite> <!-- com.cgg.testcases.NewFactoryRegistrationTest -->
